#
# There is insufficient memory for the Java Runtime Environment to continue.
# Native memory allocation (mmap) failed to map 36962304 bytes for committing reserved memory.
# Possible reasons:
#   The system is out of physical RAM or swap space
#   In 32 bit mode, the process size limit was hit
# Possible solutions:
#   Reduce memory load on the system
#   Increase physical memory or swap space
#   Check if swap backing store is full
#   Use 64 bit Java on a 64 bit OS
#   Decrease Java heap size (-Xmx/-Xms)
#   Decrease number of Java threads
#   Decrease Java thread stack sizes (-Xss)
#   Set larger code cache with -XX:ReservedCodeCacheSize=
# This output file may be truncated or incomplete.
#
#  Out of Memory Error (os_linux.cpp:2627), pid=8938, tid=0x6e0ffb40
#
# JRE version: Java(TM) SE Runtime Environment (8.0_121-b13) (build 1.8.0_121-b13)
# Java VM: Java HotSpot(TM) Server VM (25.121-b13 mixed mode linux-x86 )
# Failed to write core dump. Core dumps have been disabled. To enable core dumping, try "ulimit -c unlimited" before starting Java again
#

---------------  T H R E A D  ---------------

Current thread (0x6e181400):  VMThread [stack: 0x6e07f000,0x6e100000] [id=8944]

Stack: [0x6e07f000,0x6e100000],  sp=0x6e0fe720,  free space=509k
Native frames: (J=compiled Java code, j=interpreted, Vv=VM code, C=native code)
V  [libjvm.so+0x8d69bf]  VMError::report_and_die()+0x16f
V  [libjvm.so+0x38eb75]  report_vm_out_of_memory(char const*, int, unsigned int, VMErrorType, char const*)+0x55
V  [libjvm.so+0x7575d6]  os::Linux::commit_memory_impl(char*, unsigned int, bool)+0xe6
V  [libjvm.so+0x757aa8]  os::pd_commit_memory(char*, unsigned int, unsigned int, bool)+0x28
V  [libjvm.so+0x7519fc]  os::commit_memory(char*, unsigned int, unsigned int, bool)+0x2c
V  [libjvm.so+0x7bd1b8]  PSVirtualSpace::expand_by(unsigned int)+0x48
V  [libjvm.so+0x7be2ba]  PSYoungGen::resize_generation(unsigned int, unsigned int)+0xda
V  [libjvm.so+0x7bd5e9]  PSYoungGen::resize(unsigned int, unsigned int)+0x19
V  [libjvm.so+0x7baf15]  PSScavenge::invoke_no_policy()+0xd15
V  [libjvm.so+0x7bb6d8]  PSScavenge::invoke()+0x28
V  [libjvm.so+0x77935a]  ParallelScavengeHeap::failed_mem_allocate(unsigned int)+0x5a
V  [libjvm.so+0x8d848a]  VM_ParallelGCFailedAllocation::doit()+0x7a
V  [libjvm.so+0x8e1b47]  VM_Operation::evaluate()+0x47
V  [libjvm.so+0x8dfc23]  VMThread::evaluate_operation(VM_Operation*)+0xb3
V  [libjvm.so+0x8dffc0]  VMThread::loop()+0x1b0
V  [libjvm.so+0x8e0425]  VMThread::run()+0x85
V  [libjvm.so+0x759ea9]  java_start(Thread*)+0x119
C  [libpthread.so.0+0x6f72]  start_thread+0xd2

VM_Operation (0xb671ee84): ParallelGCFailedAllocation, mode: safepoint, requested by thread 0xb6507400


---------------  P R O C E S S  ---------------

Java Threads: ( => current thread )
  0x6dd11000 JavaThread "hz._hzInstance_1_dev.cached.thread-11" [_thread_blocked, id=9012, stack(0x678af000,0x67900000)]
  0x6dd0f800 JavaThread "hz._hzInstance_1_dev.cached.thread-10" [_thread_blocked, id=9011, stack(0x67a0d000,0x67a5e000)]
  0x6dd0e400 JavaThread "hz._hzInstance_1_dev.cached.thread-9" [_thread_blocked, id=9005, stack(0x67a5e000,0x67aaf000)]
  0x6dd0d000 JavaThread "hz._hzInstance_1_dev.cached.thread-8" [_thread_blocked, id=9004, stack(0x67aaf000,0x67b00000)]
  0x6dd0b800 JavaThread "hz._hzInstance_1_dev.cached.thread-7" [_thread_blocked, id=9002, stack(0x67c0c000,0x67c5d000)]
  0x6dd0ac00 JavaThread "hz._hzInstance_1_dev.cached.thread-6" [_thread_blocked, id=9001, stack(0x6c5af000,0x6c600000)]
  0x6dd0a400 JavaThread "hz._hzInstance_1_dev.cached.thread-5" [_thread_blocked, id=9000, stack(0x6c35e000,0x6c3af000)]
  0x6dd09800 JavaThread "hz._hzInstance_1_dev.cached.thread-4" [_thread_blocked, id=8999, stack(0x6820a000,0x6825b000)]
  0x6aefb000 JavaThread "Tomcat JDBC Pool Cleaner[10655927:1491256331911]" daemon [_thread_blocked, id=8994, stack(0x67c5d000,0x67cae000)]
  0x6b448800 JavaThread "container-0" [_thread_blocked, id=8992, stack(0x6825b000,0x682ac000)]
  0x6b448000 JavaThread "ContainerBackgroundProcessor[StandardEngine[Tomcat]]" daemon [_thread_blocked, id=8991, stack(0x682c4000,0x68315000)]
  0x09cfe800 JavaThread "hz._hzInstance_1_dev.HealthMonitor" daemon [_thread_blocked, id=8990, stack(0x68331000,0x68382000)]
  0x09ccd400 JavaThread "hz._hzInstance_1_dev.MulticastThread" daemon [_thread_blocked, id=8989, stack(0x68482000,0x684d3000)]
  0x09ccbc00 JavaThread "hz._hzInstance_1_dev.IO.thread-Acceptor" daemon [_thread_in_native, id=8988, stack(0x684d3000,0x68524000)]
  0x09cca800 JavaThread "hz._hzInstance_1_dev.IOBalancerThread" daemon [_thread_blocked, id=8987, stack(0x68524000,0x68575000)]
  0x09cc8400 JavaThread "hz._hzInstance_1_dev.IO.thread-out-2" daemon [_thread_blocked, id=8986, stack(0x68575000,0x685c6000)]
  0x09cba000 JavaThread "hz._hzInstance_1_dev.IO.thread-out-1" daemon [_thread_blocked, id=8985, stack(0x685c6000,0x68617000)]
  0x09cab800 JavaThread "hz._hzInstance_1_dev.IO.thread-out-0" daemon [_thread_blocked, id=8984, stack(0x68617000,0x68668000)]
  0x09c9d800 JavaThread "hz._hzInstance_1_dev.IO.thread-in-2" daemon [_thread_blocked, id=8983, stack(0x68668000,0x686b9000)]
  0x09c8ec00 JavaThread "hz._hzInstance_1_dev.IO.thread-in-1" daemon [_thread_blocked, id=8982, stack(0x686b9000,0x6870a000)]
  0x09a5b800 JavaThread "hz._hzInstance_1_dev.IO.thread-in-0" daemon [_thread_blocked, id=8981, stack(0x6870a000,0x6875b000)]
  0x09a59c00 JavaThread "hz._hzInstance_1_dev.SlowOperationDetectorThread" daemon [_thread_blocked, id=8980, stack(0x6875b000,0x687ac000)]
  0x09a58800 JavaThread "hz._hzInstance_1_dev.response" daemon [_thread_blocked, id=8979, stack(0x687ac000,0x687fd000)]
  0x09a57000 JavaThread "hz._hzInstance_1_dev.generic-operation.thread-1" daemon [_thread_blocked, id=8978, stack(0x687fd000,0x6884e000)]
  0x09a55c00 JavaThread "hz._hzInstance_1_dev.generic-operation.thread-0" daemon [_thread_blocked, id=8977, stack(0x6884e000,0x6889f000)]
  0x09a54400 JavaThread "hz._hzInstance_1_dev.priority-generic-operation.thread-0" daemon [_thread_blocked, id=8976, stack(0x6889f000,0x688f0000)]
  0x09a52c00 JavaThread "hz._hzInstance_1_dev.partition-operation.thread-3" daemon [_thread_blocked, id=8975, stack(0x688f0000,0x68941000)]
  0x09a51800 JavaThread "hz._hzInstance_1_dev.partition-operation.thread-2" daemon [_thread_blocked, id=8974, stack(0x68941000,0x68992000)]
  0x09a50400 JavaThread "hz._hzInstance_1_dev.partition-operation.thread-1" daemon [_thread_blocked, id=8973, stack(0x68992000,0x689e3000)]
  0x09a4e400 JavaThread "hz._hzInstance_1_dev.partition-operation.thread-0" daemon [_thread_blocked, id=8972, stack(0x689e3000,0x68a34000)]
  0x09a4f000 JavaThread "hz._hzInstance_1_dev.InvocationMonitorThread" daemon [_thread_blocked, id=8971, stack(0x68a34000,0x68a85000)]
  0x09a4a400 JavaThread "hz._hzInstance_1_dev.migration" daemon [_thread_blocked, id=8970, stack(0x68a85000,0x68ad6000)]
  0x6dd07c00 JavaThread "pool-1-thread-2" [_thread_blocked, id=8969, stack(0x68ad6000,0x68b27000)]
  0x6dd06c00 JavaThread "hz._hzInstance_1_dev.cached.thread-3" [_thread_blocked, id=8968, stack(0x68b27000,0x68b78000)]
  0x6dd05800 JavaThread "hz._hzInstance_1_dev.cached.thread-2" [_thread_blocked, id=8967, stack(0x68b78000,0x68bc9000)]
  0x09c51c00 JavaThread "pool-1-thread-1" [_thread_blocked, id=8966, stack(0x68cc9000,0x68d1a000)]
  0x6dd04000 JavaThread "hz._hzInstance_1_dev.cached.thread-1" [_thread_blocked, id=8965, stack(0x68d1a000,0x68d6b000)]
  0x09b5dc00 JavaThread "hz._hzInstance_1_dev.wait-notify" [_thread_blocked, id=8964, stack(0x68f6b000,0x68fbc000)]
  0x09b5b400 JavaThread "hz._hzInstance_1_dev.event-5" daemon [_thread_blocked, id=8963, stack(0x68fbc000,0x6900d000)]
  0x09b5a000 JavaThread "hz._hzInstance_1_dev.event-4" daemon [_thread_blocked, id=8962, stack(0x6900d000,0x6905e000)]
  0x09b58c00 JavaThread "hz._hzInstance_1_dev.event-3" daemon [_thread_blocked, id=8961, stack(0x6905e000,0x690af000)]
  0x09b57800 JavaThread "hz._hzInstance_1_dev.event-2" daemon [_thread_blocked, id=8960, stack(0x690af000,0x69100000)]
  0x09b56800 JavaThread "hz._hzInstance_1_dev.event-1" daemon [_thread_blocked, id=8959, stack(0x6b71a000,0x6b76b000)]
  0x09b40000 JavaThread "hz._hzInstance_1_dev.scheduled" [_thread_blocked, id=8958, stack(0x6c30d000,0x6c35e000)]
  0x6e1ab000 JavaThread "Service Thread" daemon [_thread_blocked, id=8951, stack(0x6d9ad000,0x6d9fe000)]
  0x6e1a7c00 JavaThread "C1 CompilerThread2" daemon [_thread_blocked, id=8950, stack(0x6d9fe000,0x6da7f000)]
  0x6e1a6400 JavaThread "C2 CompilerThread1" daemon [_thread_blocked, id=8949, stack(0x6da7f000,0x6db00000)]
  0x6e1a4800 JavaThread "C2 CompilerThread0" daemon [_thread_blocked, id=8948, stack(0x6de2e000,0x6deaf000)]
  0x6e1a3000 JavaThread "Signal Dispatcher" daemon [_thread_blocked, id=8947, stack(0x6deaf000,0x6df00000)]
  0x6e188800 JavaThread "Finalizer" daemon [_thread_blocked, id=8946, stack(0x6e02e000,0x6e07f000)]
  0x6e185c00 JavaThread "Reference Handler" daemon [_thread_blocked, id=8945, stack(0x6e22a000,0x6e27b000)]
  0xb6507400 JavaThread "main" [_thread_blocked, id=8939, stack(0xb66d1000,0xb6722000)]

Other Threads:
=>0x6e181400 VMThread [stack: 0x6e07f000,0x6e100000] [id=8944]
  0x6e1b5c00 WatcherThread [stack: 0x6d92c000,0x6d9ad000] [id=8952]

VM state:at safepoint (normal execution)

VM Mutex/Monitor currently owned by a thread:  ([mutex/lock_event])
[0xb6504c88] Threads_lock - owner thread: 0x6e181400
[0xb6505098] Heap_lock - owner thread: 0xb6507400

Heap:
 PSYoungGen      total 154624K, used 8187K [0x95000000, 0x9f580000, 0xa7000000)
  eden space 145152K, 0% used [0x95000000,0x95000000,0x9ddc0000)
  from space 9472K, 86% used [0x9ddc0000,0x9e5bee58,0x9e700000)
  to   space 8704K, 0% used [0x9e700000,0x9e700000,0x9ef80000)
 ParOldGen       total 56064K, used 25780K [0x71000000, 0x746c0000, 0x95000000)
  object space 56064K, 45% used [0x71000000,0x7292d370,0x746c0000)
 Metaspace       used 31515K, capacity 31774K, committed 32000K, reserved 32048K

Card table byte_map: [0x70e4f000,0x71000000] byte_map_base: 0x70ac7000

Marking Bits: (ParMarkBitMap*) 0xb71748c0
 Begin Bits: [0x6ec00000, 0x6f980000)
 End Bits:   [0x6f980000, 0x70700000)

Polling page: 0xb777b000

CodeCache: size=245760Kb used=11750Kb max_used=11947Kb free=234009Kb
 bounds [0xa7500000, 0xa80b8000, 0xb6500000]
 total_blobs=3995 nmethods=3773 adapters=134
 compilation: enabled

Compilation events (10 events):
Event: 176.460 Thread 0x6e1a6400 4477       4       java.util.concurrent.locks.ReentrantLock::lock (8 bytes)
Event: 176.978 Thread 0x6e1a7c00 4478       3       java.util.concurrent.locks.LockSupport::park (23 bytes)
Event: 177.091 Thread 0x6e1a7c00 nmethod 4478 0xa771d0c8 code [0xa771d200, 0xa771d44c]
Event: 177.334 Thread 0x6e1a4800 4479       4       sun.misc.URLClassPath$JarLoader$2::getCodeSigners (8 bytes)
Event: 177.356 Thread 0x6e1a6400 nmethod 4477 0xa76845c8 code [0xa7684720, 0xa76849a4]
Event: 177.356 Thread 0x6e1a4800 nmethod 4479 0xa78f73c8 code [0xa78f7540, 0xa78f7a04]
Event: 177.356 Thread 0x6e1a4800 4480   !   4       java.util.jar.JarFile$JarFileEntry::getCodeSigners (78 bytes)
Event: 177.362 Thread 0x6e1a4800 nmethod 4480 0xa7ac6908 code [0xa7ac6a80, 0xa7ac6f04]
Event: 177.861 Thread 0x6e1a7c00 4481       3       org.jboss.logging.Slf4jLocationAwareLogger::isEnabled (114 bytes)
Event: 177.861 Thread 0x6e1a7c00 nmethod 4481 0xa76a7408 code [0xa76a75a0, 0xa76a7b68]

GC Heap History (10 events):
Event: 11.606 GC heap after
Heap after GC invocations=14 (full 1):
 PSYoungGen      total 90368K, used 4352K [0x95000000, 0x9c740000, 0xa7000000)
  eden space 82176K, 0% used [0x95000000,0x95000000,0x9a040000)
  from space 8192K, 53% used [0x9a040000,0x9a4801f8,0x9a840000)
  to   space 7680K, 0% used [0x9bfc0000,0x9bfc0000,0x9c740000)
 ParOldGen       total 37376K, used 15732K [0x71000000, 0x73480000, 0x95000000)
  object space 37376K, 42% used [0x71000000,0x71f5d3f0,0x73480000)
 Metaspace       used 20312K, capacity 20539K, committed 20608K, reserved 20784K
}
Event: 12.868 GC heap before
{Heap before GC invocations=15 (full 1):
 PSYoungGen      total 90368K, used 86528K [0x95000000, 0x9c740000, 0xa7000000)
  eden space 82176K, 100% used [0x95000000,0x9a040000,0x9a040000)
  from space 8192K, 53% used [0x9a040000,0x9a4801f8,0x9a840000)
  to   space 7680K, 0% used [0x9bfc0000,0x9bfc0000,0x9c740000)
 ParOldGen       total 37376K, used 15732K [0x71000000, 0x73480000, 0x95000000)
  object space 37376K, 42% used [0x71000000,0x71f5d3f0,0x73480000)
 Metaspace       used 20608K, capacity 20827K, committed 20992K, reserved 21808K
Event: 12.888 GC heap after
Heap after GC invocations=15 (full 1):
 PSYoungGen      total 114176K, used 1035K [0x95000000, 0x9ca80000, 0xa7000000)
  eden space 106496K, 0% used [0x95000000,0x95000000,0x9b800000)
  from space 7680K, 13% used [0x9bfc0000,0x9c0c2f00,0x9c740000)
  to   space 7936K, 0% used [0x9b800000,0x9b800000,0x9bfc0000)
 ParOldGen       total 37376K, used 17921K [0x71000000, 0x73480000, 0x95000000)
  object space 37376K, 47% used [0x71000000,0x721807d8,0x73480000)
 Metaspace       used 20608K, capacity 20827K, committed 20992K, reserved 21808K
}
Event: 14.175 GC heap before
{Heap before GC invocations=16 (full 1):
 PSYoungGen      total 114176K, used 107531K [0x95000000, 0x9ca80000, 0xa7000000)
  eden space 106496K, 100% used [0x95000000,0x9b800000,0x9b800000)
  from space 7680K, 13% used [0x9bfc0000,0x9c0c2f00,0x9c740000)
  to   space 7936K, 0% used [0x9b800000,0x9b800000,0x9bfc0000)
 ParOldGen       total 37376K, used 17921K [0x71000000, 0x73480000, 0x95000000)
  object space 37376K, 47% used [0x71000000,0x721807d8,0x73480000)
 Metaspace       used 23479K, capacity 23712K, committed 23808K, reserved 23856K
Event: 14.201 GC heap after
Heap after GC invocations=16 (full 1):
 PSYoungGen      total 114432K, used 7006K [0x95000000, 0x9ef80000, 0xa7000000)
  eden space 106496K, 0% used [0x95000000,0x95000000,0x9b800000)
  from space 7936K, 88% used [0x9b800000,0x9bed7bf0,0x9bfc0000)
  to   space 8704K, 0% used [0x9e700000,0x9e700000,0x9ef80000)
 ParOldGen       total 37376K, used 18561K [0x71000000, 0x73480000, 0x95000000)
  object space 37376K, 49% used [0x71000000,0x722207d8,0x73480000)
 Metaspace       used 23479K, capacity 23712K, committed 23808K, reserved 23856K
}
Event: 17.652 GC heap before
{Heap before GC invocations=17 (full 1):
 PSYoungGen      total 114432K, used 99405K [0x95000000, 0x9ef80000, 0xa7000000)
  eden space 106496K, 86% used [0x95000000,0x9aa3ba38,0x9b800000)
  from space 7936K, 88% used [0x9b800000,0x9bed7bf0,0x9bfc0000)
  to   space 8704K, 0% used [0x9e700000,0x9e700000,0x9ef80000)
 ParOldGen       total 37376K, used 18561K [0x71000000, 0x73480000, 0x95000000)
  object space 37376K, 49% used [0x71000000,0x722207d8,0x73480000)
 Metaspace       used 26993K, capacity 27210K, committed 27308K, reserved 27952K
Event: 17.760 GC heap after
Heap after GC invocations=17 (full 1):
 PSYoungGen      total 153856K, used 7193K [0x95000000, 0x9f580000, 0xa7000000)
  eden space 145152K, 0% used [0x95000000,0x95000000,0x9ddc0000)
  from space 8704K, 82% used [0x9e700000,0x9ee06710,0x9ef80000)
  to   space 9472K, 0% used [0x9ddc0000,0x9ddc0000,0x9e700000)
 ParOldGen       total 37376K, used 21733K [0x71000000, 0x73480000, 0x95000000)
  object space 37376K, 58% used [0x71000000,0x725394b8,0x73480000)
 Metaspace       used 26993K, capacity 27210K, committed 27308K, reserved 27952K
}
Event: 17.760 GC heap before
{Heap before GC invocations=18 (full 2):
 PSYoungGen      total 153856K, used 7193K [0x95000000, 0x9f580000, 0xa7000000)
  eden space 145152K, 0% used [0x95000000,0x95000000,0x9ddc0000)
  from space 8704K, 82% used [0x9e700000,0x9ee06710,0x9ef80000)
  to   space 9472K, 0% used [0x9ddc0000,0x9ddc0000,0x9e700000)
 ParOldGen       total 37376K, used 21733K [0x71000000, 0x73480000, 0x95000000)
  object space 37376K, 58% used [0x71000000,0x725394b8,0x73480000)
 Metaspace       used 26993K, capacity 27210K, committed 27308K, reserved 27952K
Event: 17.814 GC heap after
Heap after GC invocations=18 (full 2):
 PSYoungGen      total 153856K, used 0K [0x95000000, 0x9f580000, 0xa7000000)
  eden space 145152K, 0% used [0x95000000,0x95000000,0x9ddc0000)
  from space 8704K, 0% used [0x9e700000,0x9e700000,0x9ef80000)
  to   space 9472K, 0% used [0x9ddc0000,0x9ddc0000,0x9e700000)
 ParOldGen       total 56064K, used 25776K [0x71000000, 0x746c0000, 0x95000000)
  object space 56064K, 45% used [0x71000000,0x7292c370,0x746c0000)
 Metaspace       used 26993K, capacity 27210K, committed 27308K, reserved 27952K
}
Event: 178.203 GC heap before
{Heap before GC invocations=19 (full 2):
 PSYoungGen      total 153856K, used 145152K [0x95000000, 0x9f580000, 0xa7000000)
  eden space 145152K, 100% used [0x95000000,0x9ddc0000,0x9ddc0000)
  from space 8704K, 0% used [0x9e700000,0x9e700000,0x9ef80000)
  to   space 9472K, 0% used [0x9ddc0000,0x9ddc0000,0x9e700000)
 ParOldGen       total 56064K, used 25776K [0x71000000, 0x746c0000, 0x95000000)
  object space 56064K, 45% used [0x71000000,0x7292c370,0x746c0000)
 Metaspace       used 31515K, capacity 31774K, committed 32000K, reserved 32048K

Deoptimization events (10 events):
Event: 24.691 Thread 0xb6507400 Uncommon trap: reason=unstable_if action=reinterpret pc=0xa7865660 method=java.util.zip.ZipCoder.getBytes(Ljava/lang/String;)[B @ 32
Event: 24.691 Thread 0xb6507400 Uncommon trap: reason=unstable_if action=reinterpret pc=0xa791d8ec method=java.net.URL.<init>(Ljava/net/URL;Ljava/lang/String;Ljava/net/URLStreamHandler;)V @ 57
Event: 24.691 Thread 0xb6507400 Uncommon trap: reason=unstable_if action=reinterpret pc=0xa7b49c18 method=java.io.UnixFileSystem.resolve(Ljava/lang/String;Ljava/lang/String;)Ljava/lang/String; @ 6
Event: 26.210 Thread 0xb6507400 Uncommon trap: reason=class_check action=maybe_recompile pc=0xa7a69848 method=java.lang.ClassLoader.loadClass(Ljava/lang/String;)Ljava/lang/Class; @ 3
Event: 26.210 Thread 0xb6507400 Uncommon trap: reason=bimorphic action=maybe_recompile pc=0xa7e46c00 method=java.lang.ClassLoader.loadClass(Ljava/lang/String;Z)Ljava/lang/Class; @ 2
Event: 26.248 Thread 0xb6507400 Uncommon trap: reason=class_check action=maybe_recompile pc=0xa7a69848 method=java.lang.ClassLoader.loadClass(Ljava/lang/String;)Ljava/lang/Class; @ 3
Event: 26.248 Thread 0xb6507400 Uncommon trap: reason=bimorphic action=maybe_recompile pc=0xa7e46c00 method=java.lang.ClassLoader.loadClass(Ljava/lang/String;Z)Ljava/lang/Class; @ 2
Event: 33.183 Thread 0xb6507400 Uncommon trap: reason=bimorphic action=maybe_recompile pc=0xa7e46c00 method=java.lang.ClassLoader.loadClass(Ljava/lang/String;Z)Ljava/lang/Class; @ 2
Event: 37.775 Thread 0xb6507400 Uncommon trap: reason=predicate action=maybe_recompile pc=0xa7b68948 method=java.util.TreeMap.put(Ljava/lang/Object;Ljava/lang/Object;)Ljava/lang/Object; @ 132
Event: 40.858 Thread 0x6dd0e400 Uncommon trap: reason=unstable_if action=reinterpret pc=0xa785916c method=java.util.concurrent.locks.ReentrantLock$Sync.tryRelease(I)Z @ 28

Internal exceptions (10 events):
Event: 116.275 Thread 0x09ccd400 Exception <a 'java/net/SocketTimeoutException': Receive timed out> (0x95dcfec8) thrown at [/HUDSON/workspace/8-2-build-linux-i586/jdk8u121/8372/hotspot/src/share/vm/prims/jni.cpp, line 735]
Event: 124.904 Thread 0x09ccd400 Exception <a 'java/net/SocketTimeoutException': Receive timed out> (0x95dd0108) thrown at [/HUDSON/workspace/8-2-build-linux-i586/jdk8u121/8372/hotspot/src/share/vm/prims/jni.cpp, line 735]
Event: 142.012 Thread 0x09ccd400 Exception <a 'java/net/SocketTimeoutException': Receive timed out> (0x95dd0348) thrown at [/HUDSON/workspace/8-2-build-linux-i586/jdk8u121/8372/hotspot/src/share/vm/prims/jni.cpp, line 735]
Event: 155.114 Thread 0x09ccd400 Exception <a 'java/net/SocketTimeoutException': Receive timed out> (0x95dd0588) thrown at [/HUDSON/workspace/8-2-build-linux-i586/jdk8u121/8372/hotspot/src/share/vm/prims/jni.cpp, line 735]
Event: 163.348 Thread 0x09ccd400 Exception <a 'java/net/SocketTimeoutException': Receive timed out> (0x95dd07c8) thrown at [/HUDSON/workspace/8-2-build-linux-i586/jdk8u121/8372/hotspot/src/share/vm/prims/jni.cpp, line 735]
Event: 172.269 Thread 0x09ccd400 Exception <a 'java/net/SocketTimeoutException': Receive timed out> (0x95dd0a08) thrown at [/HUDSON/workspace/8-2-build-linux-i586/jdk8u121/8372/hotspot/src/share/vm/prims/jni.cpp, line 735]
Event: 173.337 Thread 0x09ccd400 Exception <a 'java/net/SocketTimeoutException': Receive timed out> (0x95dd0c48) thrown at [/HUDSON/workspace/8-2-build-linux-i586/jdk8u121/8372/hotspot/src/share/vm/prims/jni.cpp, line 735]
Event: 174.338 Thread 0x09ccd400 Exception <a 'java/net/SocketTimeoutException': Receive timed out> (0x95dd0e88) thrown at [/HUDSON/workspace/8-2-build-linux-i586/jdk8u121/8372/hotspot/src/share/vm/prims/jni.cpp, line 735]
Event: 176.460 Thread 0x09ccd400 Exception <a 'java/net/SocketTimeoutException': Receive timed out> (0x95dd10c8) thrown at [/HUDSON/workspace/8-2-build-linux-i586/jdk8u121/8372/hotspot/src/share/vm/prims/jni.cpp, line 735]
Event: 177.462 Thread 0x09ccd400 Exception <a 'java/net/SocketTimeoutException': Receive timed out> (0x95dd1308) thrown at [/HUDSON/workspace/8-2-build-linux-i586/jdk8u121/8372/hotspot/src/share/vm/prims/jni.cpp, line 735]

Events (10 events):
Event: 178.189 loading class org/hibernate/id/SequenceGenerator done
Event: 178.190 loading class org/hibernate/id/IncrementGenerator
Event: 178.190 loading class org/hibernate/id/IncrementGenerator done
Event: 178.201 loading class org/hibernate/id/ForeignGenerator
Event: 178.201 loading class org/hibernate/id/ForeignGenerator done
Event: 178.202 loading class org/hibernate/id/SequenceIdentityGenerator
Event: 178.202 loading class org/hibernate/id/SequenceIdentityGenerator done
Event: 178.202 loading class org/hibernate/id/enhanced/TableGenerator
Event: 178.202 loading class org/hibernate/id/enhanced/TableGenerator done
Event: 178.202 Executing VM operation: ParallelGCFailedAllocation


Dynamic libraries:
08048000-08049000 r-xp 00000000 08:01 12771      /usr/lib/jvm/java-8-oracle/jre/bin/java
08049000-0804a000 rw-p 00000000 08:01 12771      /usr/lib/jvm/java-8-oracle/jre/bin/java
099ee000-09d7c000 rw-p 00000000 00:00 0          [heap]
678af000-678b2000 ---p 00000000 00:00 0 
678b2000-67900000 rw-p 00000000 00:00 0 
67900000-67940000 rw-p 00000000 00:00 0 
67940000-67a00000 ---p 00000000 00:00 0 
67a0d000-67a10000 ---p 00000000 00:00 0 
67a10000-67a5e000 rw-p 00000000 00:00 0 
67a5e000-67a61000 ---p 00000000 00:00 0 
67a61000-67aaf000 rw-p 00000000 00:00 0 
67aaf000-67ab2000 ---p 00000000 00:00 0 
67ab2000-67b00000 rw-p 00000000 00:00 0 
67b00000-67b8b000 rw-p 00000000 00:00 0 
67b8b000-67c00000 ---p 00000000 00:00 0 
67c0c000-67c0f000 ---p 00000000 00:00 0 
67c0f000-67c5d000 rw-p 00000000 00:00 0 
67c5d000-67c60000 ---p 00000000 00:00 0 
67c60000-67cae000 rw-p 00000000 00:00 0 
67cea000-67dea000 rw-p 00000000 00:00 0 
67dea000-67eea000 rw-p 00000000 00:00 0 
67eea000-67fea000 rw-p 00000000 00:00 0 
68000000-68100000 rw-p 00000000 00:00 0 
68100000-68200000 rw-p 00000000 00:00 0 
6820a000-6820d000 ---p 00000000 00:00 0 
6820d000-6825b000 rw-p 00000000 00:00 0 
6825b000-6825e000 ---p 00000000 00:00 0 
6825e000-682ac000 rw-p 00000000 00:00 0 
682ac000-682bf000 r-xp 00000000 08:01 964284     /lib/i386-linux-gnu/libresolv-2.19.so
682bf000-682c0000 ---p 00013000 08:01 964284     /lib/i386-linux-gnu/libresolv-2.19.so
682c0000-682c1000 r--p 00013000 08:01 964284     /lib/i386-linux-gnu/libresolv-2.19.so
682c1000-682c2000 rw-p 00014000 08:01 964284     /lib/i386-linux-gnu/libresolv-2.19.so
682c2000-682c4000 rw-p 00000000 00:00 0 
682c4000-682c7000 ---p 00000000 00:00 0 
682c7000-68315000 rw-p 00000000 00:00 0 
68315000-68331000 r--s 00393000 08:01 12983      /usr/lib/jvm/java-8-oracle/jre/lib/ext/cldrdata.jar
68331000-68334000 ---p 00000000 00:00 0 
68334000-68482000 rw-p 00000000 00:00 0 
68482000-68485000 ---p 00000000 00:00 0 
68485000-684d3000 rw-p 00000000 00:00 0 
684d3000-684d6000 ---p 00000000 00:00 0 
684d6000-68524000 rw-p 00000000 00:00 0 
68524000-68527000 ---p 00000000 00:00 0 
68527000-68575000 rw-p 00000000 00:00 0 
68575000-68578000 ---p 00000000 00:00 0 
68578000-685c6000 rw-p 00000000 00:00 0 
685c6000-685c9000 ---p 00000000 00:00 0 
685c9000-68617000 rw-p 00000000 00:00 0 
68617000-6861a000 ---p 00000000 00:00 0 
6861a000-68668000 rw-p 00000000 00:00 0 
68668000-6866b000 ---p 00000000 00:00 0 
6866b000-686b9000 rw-p 00000000 00:00 0 
686b9000-686bc000 ---p 00000000 00:00 0 
686bc000-6870a000 rw-p 00000000 00:00 0 
6870a000-6870d000 ---p 00000000 00:00 0 
6870d000-6875b000 rw-p 00000000 00:00 0 
6875b000-6875e000 ---p 00000000 00:00 0 
6875e000-687ac000 rw-p 00000000 00:00 0 
687ac000-687af000 ---p 00000000 00:00 0 
687af000-687fd000 rw-p 00000000 00:00 0 
687fd000-68800000 ---p 00000000 00:00 0 
68800000-6884e000 rw-p 00000000 00:00 0 
6884e000-68851000 ---p 00000000 00:00 0 
68851000-6889f000 rw-p 00000000 00:00 0 
6889f000-688a2000 ---p 00000000 00:00 0 
688a2000-688f0000 rw-p 00000000 00:00 0 
688f0000-688f3000 ---p 00000000 00:00 0 
688f3000-68941000 rw-p 00000000 00:00 0 
68941000-68944000 ---p 00000000 00:00 0 
68944000-68992000 rw-p 00000000 00:00 0 
68992000-68995000 ---p 00000000 00:00 0 
68995000-689e3000 rw-p 00000000 00:00 0 
689e3000-689e6000 ---p 00000000 00:00 0 
689e6000-68a34000 rw-p 00000000 00:00 0 
68a34000-68a37000 ---p 00000000 00:00 0 
68a37000-68a85000 rw-p 00000000 00:00 0 
68a85000-68a88000 ---p 00000000 00:00 0 
68a88000-68ad6000 rw-p 00000000 00:00 0 
68ad6000-68ad9000 ---p 00000000 00:00 0 
68ad9000-68b27000 rw-p 00000000 00:00 0 
68b27000-68b2a000 ---p 00000000 00:00 0 
68b2a000-68b78000 rw-p 00000000 00:00 0 
68b78000-68b7b000 ---p 00000000 00:00 0 
68b7b000-68cc9000 rw-p 00000000 00:00 0 
68cc9000-68ccc000 ---p 00000000 00:00 0 
68ccc000-68d1a000 rw-p 00000000 00:00 0 
68d1a000-68d1d000 ---p 00000000 00:00 0 
68d1d000-68e6b000 rw-p 00000000 00:00 0 
68e6b000-68f6b000 rw-p 00000000 00:00 0 
68f6b000-68f6e000 ---p 00000000 00:00 0 
68f6e000-68fbc000 rw-p 00000000 00:00 0 
68fbc000-68fbf000 ---p 00000000 00:00 0 
68fbf000-6900d000 rw-p 00000000 00:00 0 
6900d000-69010000 ---p 00000000 00:00 0 
69010000-6905e000 rw-p 00000000 00:00 0 
6905e000-69061000 ---p 00000000 00:00 0 
69061000-690af000 rw-p 00000000 00:00 0 
690af000-690b2000 ---p 00000000 00:00 0 
690b2000-69200000 rw-p 00000000 00:00 0 
69200000-69300000 rw-p 00000000 00:00 0 
69300000-69400000 rw-p 00000000 00:00 0 
69400000-69500000 rw-p 00000000 00:00 0 
69500000-695fe000 rw-p 00000000 00:00 0 
695fe000-69600000 ---p 00000000 00:00 0 
69600000-69800000 rw-p 00000000 00:00 0 
69800000-69a00000 rw-p 00000000 00:00 0 
69a00000-69afb000 rw-p 00000000 00:00 0 
69afb000-69b00000 ---p 00000000 00:00 0 
69b00000-69bda000 rw-p 00000000 00:00 0 
69bda000-69c00000 ---p 00000000 00:00 0 
69c00000-69d00000 rw-p 00000000 00:00 0 
69d00000-69df6000 rw-p 00000000 00:00 0 
69df6000-69e00000 ---p 00000000 00:00 0 
69e00000-69f00000 rw-p 00000000 00:00 0 
69f00000-69ffd000 rw-p 00000000 00:00 0 
69ffd000-6a000000 ---p 00000000 00:00 0 
6a000000-6a0fa000 rw-p 00000000 00:00 0 
6a0fa000-6a100000 ---p 00000000 00:00 0 
6a100000-6a1f9000 rw-p 00000000 00:00 0 
6a1f9000-6a200000 ---p 00000000 00:00 0 
6a200000-6a300000 rw-p 00000000 00:00 0 
6a300000-6a3fb000 rw-p 00000000 00:00 0 
6a3fb000-6a400000 ---p 00000000 00:00 0 
6a400000-6a4ee000 rw-p 00000000 00:00 0 
6a4ee000-6a500000 ---p 00000000 00:00 0 
6a500000-6a600000 rw-p 00000000 00:00 0 
6a600000-6a700000 rw-p 00000000 00:00 0 
6a700000-6a800000 rw-p 00000000 00:00 0 
6a800000-6a900000 rw-p 00000000 00:00 0 
6a900000-6a9ee000 rw-p 00000000 00:00 0 
6a9ee000-6aa00000 ---p 00000000 00:00 0 
6aa00000-6ab00000 rw-p 00000000 00:00 0 
6ab00000-6abfc000 rw-p 00000000 00:00 0 
6abfc000-6ac00000 ---p 00000000 00:00 0 
6ac00000-6ad00000 rw-p 00000000 00:00 0 
6ad00000-6adff000 rw-p 00000000 00:00 0 
6adff000-6ae00000 ---p 00000000 00:00 0 
6ae00000-6aeff000 rw-p 00000000 00:00 0 
6aeff000-6af00000 ---p 00000000 00:00 0 
6af00000-6affb000 rw-p 00000000 00:00 0 
6affb000-6b000000 ---p 00000000 00:00 0 
6b000000-6b100000 rw-p 00000000 00:00 0 
6b100000-6b200000 rw-p 00000000 00:00 0 
6b200000-6b2fa000 rw-p 00000000 00:00 0 
6b2fa000-6b300000 ---p 00000000 00:00 0 
6b300000-6b3fb000 rw-p 00000000 00:00 0 
6b3fb000-6b400000 ---p 00000000 00:00 0 
6b400000-6b4fb000 rw-p 00000000 00:00 0 
6b4fb000-6b500000 ---p 00000000 00:00 0 
6b500000-6b600000 rw-p 00000000 00:00 0 
6b600000-6b700000 rw-p 00000000 00:00 0 
6b707000-6b71a000 r--s 00345000 08:01 12870      /usr/lib/jvm/java-8-oracle/jre/lib/resources.jar
6b71a000-6b71d000 ---p 00000000 00:00 0 
6b71d000-6b76b000 rw-p 00000000 00:00 0 
6b76b000-6b800000 r--s 01109000 08:01 12974      /usr/lib/jvm/java-8-oracle/jre/lib/ext/jfxrt.jar
6b800000-6b8ff000 rw-p 00000000 00:00 0 
6b8ff000-6b900000 ---p 00000000 00:00 0 
6b900000-6ba00000 rw-p 00000000 00:00 0 
6ba00000-6bafe000 rw-p 00000000 00:00 0 
6bafe000-6bb00000 ---p 00000000 00:00 0 
6bb00000-6bc00000 rw-p 00000000 00:00 0 
6bc00000-6bd00000 rw-p 00000000 00:00 0 
6bd00000-6bdfa000 rw-p 00000000 00:00 0 
6bdfa000-6be00000 ---p 00000000 00:00 0 
6be00000-6bf00000 rw-p 00000000 00:00 0 
6bf00000-6c000000 rw-p 00000000 00:00 0 
6c000000-6c100000 rw-p 00000000 00:00 0 
6c100000-6c200000 rw-p 00000000 00:00 0 
6c200000-6c2fb000 rw-p 00000000 00:00 0 
6c2fb000-6c300000 ---p 00000000 00:00 0 
6c30d000-6c310000 ---p 00000000 00:00 0 
6c310000-6c35e000 rw-p 00000000 00:00 0 
6c35e000-6c361000 ---p 00000000 00:00 0 
6c361000-6c4af000 rw-p 00000000 00:00 0 
6c4af000-6c5af000 rw-p 00000000 00:00 0 
6c5af000-6c5b2000 ---p 00000000 00:00 0 
6c5b2000-6c600000 rw-p 00000000 00:00 0 
6c600000-6c700000 rw-p 00000000 00:00 0 
6c700000-6c800000 rw-p 00000000 00:00 0 
6c800000-6c900000 rw-p 00000000 00:00 0 
6c900000-6c9f2000 rw-p 00000000 00:00 0 
6c9f2000-6ca00000 ---p 00000000 00:00 0 
6ca00000-6cb00000 rw-p 00000000 00:00 0 
6cb00000-6cbfc000 rw-p 00000000 00:00 0 
6cbfc000-6cc00000 ---p 00000000 00:00 0 
6cc00000-6ccff000 rw-p 00000000 00:00 0 
6ccff000-6cd00000 ---p 00000000 00:00 0 
6cd00000-6cdfe000 rw-p 00000000 00:00 0 
6cdfe000-6ce00000 ---p 00000000 00:00 0 
6ce00000-6ceec000 rw-p 00000000 00:00 0 
6ceec000-6cf00000 ---p 00000000 00:00 0 
6cf00000-6cff8000 rw-p 00000000 00:00 0 
6cff8000-6d000000 ---p 00000000 00:00 0 
6d005000-6d00a000 r-xp 00000000 08:01 964293     /lib/i386-linux-gnu/libnss_dns-2.19.so
6d00a000-6d00b000 r--p 00004000 08:01 964293     /lib/i386-linux-gnu/libnss_dns-2.19.so
6d00b000-6d00c000 rw-p 00005000 08:01 964293     /lib/i386-linux-gnu/libnss_dns-2.19.so
6d00c000-6d016000 r--s 00116000 08:01 12984      /usr/lib/jvm/java-8-oracle/jre/lib/ext/localedata.jar
6d016000-6d01a000 r--s 0009a000 08:01 12904      /usr/lib/jvm/java-8-oracle/jre/lib/jsse.jar
6d01a000-6d029000 r-xp 00000000 08:01 12788      /usr/lib/jvm/java-8-oracle/jre/lib/i386/libnio.so
6d029000-6d02a000 rw-p 0000e000 08:01 12788      /usr/lib/jvm/java-8-oracle/jre/lib/i386/libnio.so
6d02a000-6d02f000 r--s 002f9000 08:01 12901      /usr/lib/jvm/java-8-oracle/jre/lib/charsets.jar
6d02f000-6d044000 r-xp 00000000 08:01 12867      /usr/lib/jvm/java-8-oracle/jre/lib/i386/libnet.so
6d044000-6d045000 rw-p 00015000 08:01 12867      /usr/lib/jvm/java-8-oracle/jre/lib/i386/libnet.so
6d045000-6d04d000 r-xp 00000000 08:01 12833      /usr/lib/jvm/java-8-oracle/jre/lib/i386/libmanagement.so
6d04d000-6d04e000 rw-p 00007000 08:01 12833      /usr/lib/jvm/java-8-oracle/jre/lib/i386/libmanagement.so
6d04e000-6d050000 r--s 0000f000 08:01 136110     /home/artem/.m2/repository/org/apache/maven/surefire/surefire-junit4/2.18.1/surefire-junit4-2.18.1.jar
6d050000-6d051000 r--s 00002000 08:01 719596     /home/artem/.m2/repository/com/mycompany/client/bank/Client-bank-API/1.0-SNAPSHOT/Client-bank-API-1.0-SNAPSHOT.jar
6d051000-6d058000 r--s 0003f000 08:01 940057     /home/artem/.m2/repository/commons-codec/commons-codec/1.10/commons-codec-1.10.jar
6d058000-6d05f000 r--s 00067000 08:01 718417     /home/artem/.m2/repository/org/mariadb/jdbc/mariadb-java-client/1.5.7/mariadb-java-client-1.5.7.jar
6d05f000-6d062000 r--s 0000c000 08:01 718414     /home/artem/.m2/repository/org/springframework/spring-aspects/4.3.6.RELEASE/spring-aspects-4.3.6.RELEASE.jar
6d062000-6d064000 r--s 00003000 08:01 718412     /home/artem/.m2/repository/org/slf4j/jcl-over-slf4j/1.7.22/jcl-over-slf4j-1.7.22.jar
6d064000-6d06e000 r--s 0006b000 08:01 718410     /home/artem/.m2/repository/org/springframework/spring-orm/4.3.6.RELEASE/spring-orm-4.3.6.RELEASE.jar
6d06e000-6d081000 r--s 000a8000 08:01 718408     /home/artem/.m2/repository/org/springframework/data/spring-data-commons/1.13.0.RELEASE/spring-data-commons-1.13.0.RELEASE.jar
6d081000-6d088000 r--s 00040000 08:01 718406     /home/artem/.m2/repository/org/springframework/data/spring-data-jpa/1.11.0.RELEASE/spring-data-jpa-1.11.0.RELEASE.jar
6d088000-6d08a000 r--s 00006000 08:01 718405     /home/artem/.m2/repository/javax/transaction/javax.transaction-api/1.2/javax.transaction-api-1.2.jar
6d08a000-6d097000 r--s 00089000 08:01 718404     /home/artem/.m2/repository/org/hibernate/hibernate-entitymanager/5.0.11.Final/hibernate-entitymanager-5.0.11.Final.jar
6d097000-6d100000 r--s 004f3000 08:01 718393     /home/artem/.m2/repository/org/hibernate/hibernate-core/5.0.11.Final/hibernate-core-5.0.11.Final.jar
6d100000-6d1fc000 rw-p 00000000 00:00 0 
6d1fc000-6d200000 ---p 00000000 00:00 0 
6d200000-6d203000 r--s 00010000 08:01 718400     /home/artem/.m2/repository/org/hibernate/common/hibernate-commons-annotations/5.0.1.Final/hibernate-commons-annotations-5.0.1.Final.jar
6d203000-6d206000 r--s 0002b000 08:01 718398     /home/artem/.m2/repository/org/jboss/jandex/2.0.0.Final/jandex-2.0.0.Final.jar
6d206000-6d20b000 r--s 00068000 08:01 693095     /home/artem/.m2/repository/antlr/antlr/2.7.7/antlr-2.7.7.jar
6d20b000-6d215000 r--s 000aa000 08:01 718396     /home/artem/.m2/repository/org/javassist/javassist/3.21.0-GA/javassist-3.21.0-GA.jar
6d215000-6d21a000 r--s 00017000 08:01 718394     /home/artem/.m2/repository/org/hibernate/javax/persistence/hibernate-jpa-2.1-api/1.0.0.Final/hibernate-jpa-2.1-api-1.0.0.Final.jar
6d21a000-6d224000 r--s 0005f000 08:01 718391     /home/artem/.m2/repository/org/springframework/spring-jdbc/4.3.6.RELEASE/spring-jdbc-4.3.6.RELEASE.jar
6d224000-6d226000 r--s 00009000 08:01 818618     /home/artem/.m2/repository/org/apache/tomcat/tomcat-juli/8.5.11/tomcat-juli-8.5.11.jar
6d226000-6d229000 r--s 00020000 08:01 818617     /home/artem/.m2/repository/org/apache/tomcat/tomcat-jdbc/8.5.11/tomcat-jdbc-8.5.11.jar
6d229000-6d22a000 r--s 00000000 08:01 718388     /home/artem/.m2/repository/org/springframework/boot/spring-boot-starter-jdbc/1.5.1.RELEASE/spring-boot-starter-jdbc-1.5.1.RELEASE.jar
6d22a000-6d243000 r--s 001af000 08:01 718387     /home/artem/.m2/repository/org/aspectj/aspectjweaver/1.8.9/aspectjweaver-1.8.9.jar
6d243000-6d244000 r--s 00000000 08:01 718385     /home/artem/.m2/repository/org/springframework/boot/spring-boot-starter-aop/1.5.1.RELEASE/spring-boot-starter-aop-1.5.1.RELEASE.jar
6d244000-6d245000 r--s 00000000 08:01 718382     /home/artem/.m2/repository/org/springframework/boot/spring-boot-starter-data-jpa/1.5.1.RELEASE/spring-boot-starter-data-jpa-1.5.1.RELEASE.jar
6d245000-6d247000 r--s 00009000 08:01 718381     /home/artem/.m2/repository/org/objenesis/objenesis/2.1/objenesis-2.1.jar
6d247000-6d263000 r--s 00103000 08:01 718378     /home/artem/.m2/repository/org/mockito/mockito-core/1.10.19/mockito-core-1.10.19.jar
6d263000-6d272000 r--s 00084000 08:01 718377     /home/artem/.m2/repository/org/springframework/spring-test/4.3.6.RELEASE/spring-test-4.3.6.RELEASE.jar
6d272000-6d27a000 r--s 00045000 08:01 718375     /home/artem/.m2/repository/junit/junit/4.12/junit-4.12.jar
6d27a000-6d27b000 r--s 00004000 08:01 718372     /home/artem/.m2/repository/com/vaadin/external/google/android-json/0.0.20131108.vaadin1/android-json-0.0.20131108.vaadin1.jar
6d27b000-6d27d000 r--s 00006000 08:01 718371     /home/artem/.m2/repository/org/skyscreamer/jsonassert/1.4.0/jsonassert-1.4.0.jar
6d27d000-6d27e000 r--s 0000c000 08:01 718370     /home/artem/.m2/repository/org/hamcrest/hamcrest-library/1.3/hamcrest-library-1.3.jar
6d27e000-6d280000 r--s 00009000 08:01 818615     /home/artem/.m2/repository/org/hamcrest/hamcrest-core/1.3/hamcrest-core-1.3.jar
6d280000-6d294000 r--s 000dc000 08:01 718368     /home/artem/.m2/repository/org/assertj/assertj-core/2.6.0/assertj-core-2.6.0.jar
6d294000-6d295000 r--s 0000c000 08:01 718365     /home/artem/.m2/repository/org/ow2/asm/asm/5.0.3/asm-5.0.3.jar
6d295000-6d298000 r--s 0001b000 08:01 718360     /home/artem/.m2/repository/net/minidev/json-smart/2.2.1/json-smart-2.2.1.jar
6d298000-6d29d000 r--s 0002e000 08:01 718359     /home/artem/.m2/repository/com/jayway/jsonpath/json-path/2.2.0/json-path-2.2.0.jar
6d29d000-6d2a2000 r--s 00019000 08:01 718356     /home/artem/.m2/repository/org/springframework/boot/spring-boot-test-autoconfigure/1.5.1.RELEASE/spring-boot-test-autoconfigure-1.5.1.RELEASE.jar
6d2a2000-6d2a6000 r--s 0001f000 08:01 718354     /home/artem/.m2/repository/org/springframework/boot/spring-boot-test/1.5.1.RELEASE/spring-boot-test-1.5.1.RELEASE.jar
6d2a6000-6d2f3000 r--s 0040b000 08:01 718350     /home/artem/.m2/repository/org/codehaus/groovy/groovy/2.4.7/groovy-2.4.7.jar
6d2f3000-6d300000 r--s 000b7000 08:01 718343     /home/artem/.m2/repository/org/thymeleaf/thymeleaf/2.1.5.RELEASE/thymeleaf-2.1.5.RELEASE.jar
6d300000-6d400000 rw-p 00000000 00:00 0 
6d400000-6d4fd000 rw-p 00000000 00:00 0 
6d4fd000-6d500000 ---p 00000000 00:00 0 
6d500000-6d502000 r--s 00012000 08:01 718364     /home/artem/.m2/repository/net/minidev/accessors-smart/1.1/accessors-smart-1.1.jar
6d502000-6d503000 r--s 00000000 08:01 718353     /home/artem/.m2/repository/org/springframework/boot/spring-boot-starter-test/1.5.1.RELEASE/spring-boot-starter-test-1.5.1.RELEASE.jar
6d503000-6d506000 r--s 0001a000 08:01 718348     /home/artem/.m2/repository/nz/net/ultraq/thymeleaf/thymeleaf-layout-dialect/1.4.0/thymeleaf-layout-dialect-1.4.0.jar
6d506000-6d509000 r--s 00020000 08:01 718347     /home/artem/.m2/repository/org/unbescape/unbescape/1.1.0.RELEASE/unbescape-1.1.0.RELEASE.jar
6d509000-6d50c000 r--s 00035000 08:01 718344     /home/artem/.m2/repository/ognl/ognl/3.0.8/ognl-3.0.8.jar
6d50c000-6d50f000 r--s 00034000 08:01 718341     /home/artem/.m2/repository/org/thymeleaf/thymeleaf-spring4/2.1.5.RELEASE/thymeleaf-spring4-2.1.5.RELEASE.jar
6d50f000-6d511000 r--s 0001d000 08:01 718336     /home/artem/.m2/repository/net/sourceforge/nekohtml/nekohtml/1.9.22/nekohtml-1.9.22.jar
6d511000-6d513000 r--s 0000d000 08:01 9957       /home/artem/.m2/repository/commons-logging/commons-logging/1.1.1/commons-logging-1.1.1.jar
6d513000-6d517000 r--s 00032000 08:01 718332     /home/artem/.m2/repository/org/openid4java/openid4java-nodeps/0.9.6/openid4java-nodeps-0.9.6.jar
6d517000-6d525000 r--s 00095000 08:01 718331     /home/artem/.m2/repository/com/google/inject/guice/2.0/guice-2.0.jar
6d525000-6d5c1000 r--s 00647000 08:01 866296     /home/artem/.m2/repository/com/hazelcast/hazelcast/3.7.6/hazelcast-3.7.6.jar
6d5c1000-6d5c9000 r--s 00048000 08:01 718324     /home/artem/.m2/repository/org/apache/httpcomponents/httpcore/4.4.6/httpcore-4.4.6.jar
6d5c9000-6d5db000 r--s 00245000 08:01 866323     /home/artem/.m2/repository/com/ibm/icu/icu4j/2.6.1/icu4j-2.6.1.jar
6d5db000-6d600000 r--s 002dc000 08:01 866320     /home/artem/.m2/repository/xalan/xalan/2.6.0/xalan-2.6.0.jar
6d600000-6d700000 rw-p 00000000 00:00 0 
6d700000-6d70d000 r--s 000a6000 08:01 718322     /home/artem/.m2/repository/org/apache/httpcomponents/httpclient/4.5.1/httpclient-4.5.1.jar
6d70d000-6d711000 r--s 00018000 08:01 866405     /home/artem/.m2/repository/io/jsonwebtoken/jjwt/0.7.0/jjwt-0.7.0.jar
6d711000-6d717000 r--s 00019000 08:01 866319     /home/artem/.m2/repository/xerces/xmlParserAPIs/2.6.2/xmlParserAPIs-2.6.2.jar
6d717000-6d71a000 r--s 00018000 08:01 866317     /home/artem/.m2/repository/xom/xom/1.0/xom-1.0.jar
6d71a000-6d72e000 r--s 000e3000 08:01 866318     /home/artem/.m2/repository/xerces/xercesImpl/2.6.2/xercesImpl-2.6.2.jar
6d72e000-6d737000 r--s 0002d000 08:01 296201     /home/artem/.m2/repository/xml-apis/xml-apis/1.4.01/xml-apis-1.4.01.jar
6d737000-6d73a000 r--s 00023000 08:01 693111     /home/artem/.m2/repository/jdom/jdom/1.0/jdom-1.0.jar
6d73a000-6d73f000 r--s 00048000 08:01 937515     /home/artem/.m2/repository/dom4j/dom4j/1.6.1/dom4j-1.6.1.jar
6d73f000-6d747000 r--s 0003a000 08:01 718320     /home/artem/.m2/repository/org/springframework/spring-tx/4.3.6.RELEASE/spring-tx-4.3.6.RELEASE.jar
6d747000-6d75d000 r--s 000fb000 08:01 718319     /home/artem/.m2/repository/org/springframework/spring-core/4.3.6.RELEASE/spring-core-4.3.6.RELEASE.jar
6d75d000-6d776000 r--s 000fd000 08:01 718316     /home/artem/.m2/repository/org/springframework/spring-context/4.3.6.RELEASE/spring-context-4.3.6.RELEASE.jar
6d776000-6d784000 r--s 000ad000 08:01 718314     /home/artem/.m2/repository/org/springframework/spring-beans/4.3.6.RELEASE/spring-beans-4.3.6.RELEASE.jar
6d784000-6d800000 r--s 007c0000 08:01 718240     /home/artem/.m2/repository/org/eclipse/persistence/eclipselink/2.5.2/eclipselink-2.5.2.jar
6d800000-6d8fc000 rw-p 00000000 00:00 0 
6d8fc000-6d900000 ---p 00000000 00:00 0 
6d900000-6d901000 r--s 00000000 08:01 718339     /home/artem/.m2/repository/org/springframework/boot/spring-boot-starter-thymeleaf/1.5.1.RELEASE/spring-boot-starter-thymeleaf-1.5.1.RELEASE.jar
6d901000-6d907000 r--s 00032000 08:01 866316     /home/artem/.m2/repository/jaxen/jaxen/1.1.1/jaxen-1.1.1.jar
6d907000-6d909000 r--s 00000000 08:01 718313     /home/artem/.m2/repository/aopalliance/aopalliance/1.0/aopalliance-1.0.jar
6d909000-6d915000 r--s 00055000 08:01 718310     /home/artem/.m2/repository/org/springframework/security/spring-security-core/4.2.1.RELEASE/spring-security-core-4.2.1.RELEASE.jar
6d915000-6d917000 r--s 00009000 08:01 718309     /home/artem/.m2/repository/org/slf4j/slf4j-api/1.7.22/slf4j-api-1.7.22.jar
6d917000-6d921000 r--s 00053000 08:01 718308     /home/artem/.m2/repository/org/springframework/ldap/spring-ldap-core/2.3.1.RELEASE/spring-ldap-core-2.3.1.RELEASE.jar
6d921000-6d92c000 r--s 00053000 08:01 718302     /home/artem/.m2/repository/org/springframework/security/spring-security-web/4.2.1.RELEASE/spring-security-web-4.2.1.RELEASE.jar
6d92c000-6d92d000 ---p 00000000 00:00 0 
6d92d000-6d9ad000 rw-p 00000000 00:00 0 
6d9ad000-6d9b0000 ---p 00000000 00:00 0 
6d9b0000-6d9fe000 rw-p 00000000 00:00 0 
6d9fe000-6da01000 ---p 00000000 00:00 0 
6da01000-6da7f000 rw-p 00000000 00:00 0 
6da7f000-6da82000 ---p 00000000 00:00 0 
6da82000-6db00000 rw-p 00000000 00:00 0 
6db00000-6dd00000 r--p 00000000 08:01 7680       /usr/lib/locale/locale-archive
6dd00000-6dd21000 rw-p 00000000 00:00 0 
6dd21000-6de00000 ---p 00000000 00:00 0 
6de00000-6de01000 r--s 00000000 08:01 718333     /home/artem/.m2/repository/net/jcip/jcip-annotations/1.0/jcip-annotations-1.0.jar
6de01000-6de0b000 r--s 00086000 08:01 718301     /home/artem/.m2/repository/org/springframework/security/spring-security-config/4.2.1.RELEASE/spring-security-config-4.2.1.RELEASE.jar
6de0b000-6de1c000 r--s 000cf000 08:01 718293     /home/artem/.m2/repository/org/springframework/spring-webmvc/4.3.6.RELEASE/spring-webmvc-4.3.6.RELEASE.jar
6de1c000-6de2e000 r--s 000b6000 08:01 718291     /home/artem/.m2/repository/org/springframework/spring-web/4.3.6.RELEASE/spring-web-4.3.6.RELEASE.jar
6de2e000-6de31000 ---p 00000000 00:00 0 
6de31000-6deaf000 rw-p 00000000 00:00 0 
6deaf000-6deb2000 ---p 00000000 00:00 0 
6deb2000-6df00000 rw-p 00000000 00:00 0 
6df00000-6dffd000 rw-p 00000000 00:00 0 
6dffd000-6e000000 ---p 00000000 00:00 0 
6e000000-6e003000 r--s 00018000 08:01 718304     /home/artem/.m2/repository/org/springframework/security/spring-security-ldap/4.2.1.RELEASE/spring-security-ldap-4.2.1.RELEASE.jar
6e003000-6e00c000 r--s 00054000 08:01 718299     /home/artem/.m2/repository/org/springframework/spring-aop/4.3.6.RELEASE/spring-aop-4.3.6.RELEASE.jar
6e00c000-6e01d000 r--s 0011d000 08:01 718285     /home/artem/.m2/repository/com/fasterxml/jackson/core/jackson-databind/2.8.6/jackson-databind-2.8.6.jar
6e01d000-6e02e000 r--s 000a1000 08:01 718278     /home/artem/.m2/repository/org/hibernate/hibernate-validator/5.3.4.Final/hibernate-validator-5.3.4.Final.jar
6e02e000-6e031000 ---p 00000000 00:00 0 
6e031000-6e07f000 rw-p 00000000 00:00 0 
6e07f000-6e080000 ---p 00000000 00:00 0 
6e080000-6e100000 rw-p 00000000 00:00 0 
6e100000-6e1ff000 rw-p 00000000 00:00 0 
6e1ff000-6e200000 ---p 00000000 00:00 0 
6e200000-6e201000 r--s 00004000 08:01 718328     /home/artem/.m2/repository/org/springframework/security/spring-security-openid/4.2.1.RELEASE/spring-security-openid-4.2.1.RELEASE.jar
6e201000-6e22a000 r--s 002b8000 08:01 818609     /home/artem/.m2/repository/org/apache/tomcat/embed/tomcat-embed-core/8.5.11/tomcat-embed-core-8.5.11.jar
6e22a000-6e22d000 ---p 00000000 00:00 0 
6e22d000-6e27b000 rw-p 00000000 00:00 0 
6e27b000-6e454000 r--s 03d3e000 08:01 12994      /usr/lib/jvm/java-8-oracle/jre/lib/rt.jar
6e454000-6e89a000 rw-p 00000000 00:00 0 
6e89a000-6e8a0000 ---p 00000000 00:00 0 
6e8a0000-70700000 rw-p 00000000 00:00 0 
70700000-70800000 rw-p 00000000 00:00 0 
70800000-70805000 r--s 0003c000 08:01 718295     /home/artem/.m2/repository/org/springframework/spring-expression/4.3.6.RELEASE/spring-expression-4.3.6.RELEASE.jar
70805000-70809000 r--s 00041000 08:01 718289     /home/artem/.m2/repository/com/fasterxml/jackson/core/jackson-core/2.8.6/jackson-core-2.8.6.jar
70809000-7080c000 r--s 0000b000 08:01 718287     /home/artem/.m2/repository/com/fasterxml/jackson/core/jackson-annotations/2.8.0/jackson-annotations-2.8.0.jar
7080c000-70811000 r--s 00036000 08:01 818612     /home/artem/.m2/repository/org/apache/tomcat/embed/tomcat-embed-websocket/8.5.11/tomcat-embed-websocket-8.5.11.jar
70811000-70830000 r--s 000df000 08:01 718260     /home/artem/.m2/repository/org/springframework/boot/spring-boot-autoconfigure/1.5.1.RELEASE/spring-boot-autoconfigure-1.5.1.RELEASE.jar
70830000-7087f000 rw-p 00000000 00:00 0 
7087f000-70880000 ---p 00000000 00:00 0 
70880000-70900000 rw-p 00000000 00:00 0 
70900000-709fe000 rw-p 00000000 00:00 0 
709fe000-70a00000 ---p 00000000 00:00 0 
70a00000-70a21000 rw-p 00000000 00:00 0 
70a21000-70b00000 ---p 00000000 00:00 0 
70b00000-70b04000 r--s 0000c000 08:01 718279     /home/artem/.m2/repository/javax/validation/validation-api/1.1.0.Final/validation-api-1.1.0.Final.jar
70b04000-70b09000 r--s 00036000 08:01 818610     /home/artem/.m2/repository/org/apache/tomcat/embed/tomcat-embed-el/8.5.11/tomcat-embed-el-8.5.11.jar
70b09000-70b14000 r--s 00069000 08:01 718266     /home/artem/.m2/repository/ch/qos/logback/logback-core/1.1.9/logback-core-1.1.9.jar
70b14000-70b24000 r--s 00092000 08:01 718258     /home/artem/.m2/repository/org/springframework/boot/spring-boot/1.5.1.RELEASE/spring-boot-1.5.1.RELEASE.jar
70b24000-70b7f000 rw-p 00000000 00:00 0 
70b7f000-70b80000 ---p 00000000 00:00 0 
70b80000-70c00000 rw-p 00000000 00:00 0 
70c00000-70c21000 rw-p 00000000 00:00 0 
70c21000-70d00000 ---p 00000000 00:00 0 
70d00000-70d01000 r--s 00000000 08:01 718298     /home/artem/.m2/repository/org/springframework/boot/spring-boot-starter-security/1.5.1.RELEASE/spring-boot-starter-security-1.5.1.RELEASE.jar
70d01000-70d03000 r--s 0000e000 08:01 718283     /home/artem/.m2/repository/com/fasterxml/classmate/1.3.3/classmate-1.3.3.jar
70d03000-70d09000 r--s 0003d000 08:01 718273     /home/artem/.m2/repository/org/yaml/snakeyaml/1.17/snakeyaml-1.17.jar
70d09000-70d0f000 r--s 00045000 08:01 718265     /home/artem/.m2/repository/ch/qos/logback/logback-classic/1.1.9/logback-classic-1.1.9.jar
70d0f000-70d4d000 r--s 00495000 08:01 718244     /home/artem/.m2/repository/org/eclipse/persistence/org.eclipse.persistence.core/2.5.2/org.eclipse.persistence.core-2.5.2.jar
70d4d000-70d4e000 ---p 00000000 00:00 0 
70d4e000-70dce000 rw-p 00000000 00:00 0 
70dce000-70dcf000 ---p 00000000 00:00 0 
70dcf000-70e6b000 rw-p 00000000 00:00 0 
70e6b000-70f6f000 ---p 00000000 00:00 0 
70f6f000-70fc2000 rw-p 00000000 00:00 0 
70fc2000-70fff000 ---p 00000000 00:00 0 
70fff000-746c0000 rw-p 00000000 00:00 0 
746c0000-95000000 ---p 00000000 00:00 0 
95000000-9f580000 rw-p 00000000 00:00 0 
a1722000-a18c0000 rw-p 00000000 00:00 0 
a18c0000-a7000000 ---p 00000000 00:00 0 
a7000000-a7002000 r--s 0000f000 08:01 718281     /home/artem/.m2/repository/org/jboss/logging/jboss-logging/3.3.0.Final/jboss-logging-3.3.0.Final.jar
a7002000-a7003000 r--s 00000000 08:01 718275     /home/artem/.m2/repository/org/springframework/boot/spring-boot-starter-tomcat/1.5.1.RELEASE/spring-boot-starter-tomcat-1.5.1.RELEASE.jar
a7003000-a7020000 r--s 00131000 08:01 718253     /home/artem/.m2/repository/org/eclipse/persistence/org.eclipse.persistence.jpa.jpql/2.5.2/org.eclipse.persistence.jpa.jpql-2.5.2.jar
a7020000-a703c000 rw-p 00000000 00:00 0 
a703c000-a7140000 ---p 00000000 00:00 0 
a7140000-a716f000 rw-p 00000000 00:00 0 
a716f000-a7500000 ---p 00000000 00:00 0 
a7500000-a80b8000 rwxp 00000000 00:00 0 
a80b8000-b6500000 ---p 00000000 00:00 0 
b6500000-b65fb000 rw-p 00000000 00:00 0 
b65fb000-b6600000 ---p 00000000 00:00 0 
b6600000-b6602000 r--s 00004000 08:01 718270     /home/artem/.m2/repository/org/slf4j/log4j-over-slf4j/1.7.22/log4j-over-slf4j-1.7.22.jar
b6602000-b6604000 r--s 00000000 08:01 718268     /home/artem/.m2/repository/org/slf4j/jul-to-slf4j/1.7.22/jul-to-slf4j-1.7.22.jar
b6604000-b6605000 r--s 00000000 08:01 718262     /home/artem/.m2/repository/org/springframework/boot/spring-boot-starter-logging/1.5.1.RELEASE/spring-boot-starter-logging-1.5.1.RELEASE.jar
b6605000-b6606000 r--s 00000000 08:01 718256     /home/artem/.m2/repository/org/springframework/boot/spring-boot-starter/1.5.1.RELEASE/spring-boot-starter-1.5.1.RELEASE.jar
b6606000-b6607000 r--s 00000000 08:01 718254     /home/artem/.m2/repository/org/springframework/boot/spring-boot-starter-web/1.5.1.RELEASE/spring-boot-starter-web-1.5.1.RELEASE.jar
b6607000-b660c000 r--s 0002a000 08:01 718250     /home/artem/.m2/repository/org/eclipse/persistence/org.eclipse.persistence.antlr/2.5.2/org.eclipse.persistence.antlr-2.5.2.jar
b660c000-b6622000 r--s 00138000 08:01 718248     /home/artem/.m2/repository/org/eclipse/persistence/org.eclipse.persistence.jpa/2.5.2/org.eclipse.persistence.jpa-2.5.2.jar
b6622000-b6629000 r--s 0003c000 08:01 718247     /home/artem/.m2/repository/org/eclipse/persistence/org.eclipse.persistence.asm/2.5.2/org.eclipse.persistence.asm-2.5.2.jar
b6629000-b662a000 r--s 0000c000 08:01 718243     /home/artem/.m2/repository/org/eclipse/persistence/org.eclipse.persistence.jpa.modelgen.processor/2.5.2/org.eclipse.persistence.jpa.modelgen.processor-2.5.2.jar
b662a000-b662c000 r--s 00004000 08:01 718242     /home/artem/.m2/repository/org/eclipse/persistence/commonj.sdo/2.1.1/commonj.sdo-2.1.1.jar
b662c000-b6641000 rw-p 00000000 00:00 0 
b6641000-b665a000 r-xp 00000000 08:01 12811      /usr/lib/jvm/java-8-oracle/jre/lib/i386/libzip.so
b665a000-b665b000 rw-p 00019000 08:01 12811      /usr/lib/jvm/java-8-oracle/jre/lib/i386/libzip.so
b665b000-b6665000 r-xp 00000000 08:01 964300     /lib/i386-linux-gnu/libnss_files-2.19.so
b6665000-b6666000 r--p 00009000 08:01 964300     /lib/i386-linux-gnu/libnss_files-2.19.so
b6666000-b6667000 rw-p 0000a000 08:01 964300     /lib/i386-linux-gnu/libnss_files-2.19.so
b6667000-b6671000 r-xp 00000000 08:01 964285     /lib/i386-linux-gnu/libnss_nis-2.19.so
b6671000-b6672000 r--p 00009000 08:01 964285     /lib/i386-linux-gnu/libnss_nis-2.19.so
b6672000-b6673000 rw-p 0000a000 08:01 964285     /lib/i386-linux-gnu/libnss_nis-2.19.so
b6673000-b6688000 r-xp 00000000 08:01 964294     /lib/i386-linux-gnu/libnsl-2.19.so
b6688000-b6689000 r--p 00015000 08:01 964294     /lib/i386-linux-gnu/libnsl-2.19.so
b6689000-b668a000 rw-p 00016000 08:01 964294     /lib/i386-linux-gnu/libnsl-2.19.so
b668a000-b668c000 rw-p 00000000 00:00 0 
b668c000-b6692000 r--s 00022000 08:01 718241     /home/artem/.m2/repository/org/eclipse/persistence/javax.persistence/2.1.0/javax.persistence-2.1.0.jar
b6692000-b6697000 r--s 00020000 08:01 136065     /home/artem/.m2/repository/org/apache/maven/surefire/surefire-api/2.18.1/surefire-api-2.18.1.jar
b6697000-b6699000 r--s 00008000 08:01 940066     /home/artem/.m2/repository/org/apache/maven/surefire/surefire-booter/2.18.1/surefire-booter-2.18.1.jar
b6699000-b669a000 r--s 00003000 08:01 703257     /home/artem/Client-bank-All/Client-bank/target/surefire/surefirebooter8976055406987345922.jar
b669a000-b669b000 r--p 00855000 08:01 7680       /usr/lib/locale/locale-archive
b669b000-b66a3000 rw-s 00000000 08:01 942409     /tmp/hsperfdata_artem/8938
b66a3000-b66c7000 r-xp 00000000 08:01 12793      /usr/lib/jvm/java-8-oracle/jre/lib/i386/libjava.so
b66c7000-b66c8000 rw-p 00024000 08:01 12793      /usr/lib/jvm/java-8-oracle/jre/lib/i386/libjava.so
b66c8000-b66cf000 r-xp 00000000 08:01 923090     /lib/i386-linux-gnu/librt-2.19.so
b66cf000-b66d0000 r--p 00006000 08:01 923090     /lib/i386-linux-gnu/librt-2.19.so
b66d0000-b66d1000 rw-p 00007000 08:01 923090     /lib/i386-linux-gnu/librt-2.19.so
b66d1000-b66d4000 ---p 00000000 00:00 0 
b66d4000-b6722000 rw-p 00000000 00:00 0 
b6722000-b6766000 r-xp 00000000 08:01 964295     /lib/i386-linux-gnu/libm-2.19.so
b6766000-b6767000 r--p 00043000 08:01 964295     /lib/i386-linux-gnu/libm-2.19.so
b6767000-b6768000 rw-p 00044000 08:01 964295     /lib/i386-linux-gnu/libm-2.19.so
b6768000-b70f4000 r-xp 00000000 08:01 12798      /usr/lib/jvm/java-8-oracle/jre/lib/i386/server/libjvm.so
b70f4000-b7161000 rw-p 0098c000 08:01 12798      /usr/lib/jvm/java-8-oracle/jre/lib/i386/server/libjvm.so
b7161000-b758a000 rw-p 00000000 00:00 0 
b758a000-b7734000 r-xp 00000000 08:01 964291     /lib/i386-linux-gnu/libc-2.19.so
b7734000-b7736000 r--p 001aa000 08:01 964291     /lib/i386-linux-gnu/libc-2.19.so
b7736000-b7737000 rw-p 001ac000 08:01 964291     /lib/i386-linux-gnu/libc-2.19.so
b7737000-b773a000 rw-p 00000000 00:00 0 
b773a000-b773d000 r-xp 00000000 08:01 964301     /lib/i386-linux-gnu/libdl-2.19.so
b773d000-b773e000 r--p 00002000 08:01 964301     /lib/i386-linux-gnu/libdl-2.19.so
b773e000-b773f000 rw-p 00003000 08:01 964301     /lib/i386-linux-gnu/libdl-2.19.so
b773f000-b7753000 r-xp 00000000 08:01 12794      /usr/lib/jvm/java-8-oracle/jre/lib/i386/jli/libjli.so
b7753000-b7754000 rw-p 00014000 08:01 12794      /usr/lib/jvm/java-8-oracle/jre/lib/i386/jli/libjli.so
b7754000-b7755000 rw-p 00000000 00:00 0 
b7755000-b776d000 r-xp 00000000 08:01 964302     /lib/i386-linux-gnu/libpthread-2.19.so
b776d000-b776e000 r--p 00018000 08:01 964302     /lib/i386-linux-gnu/libpthread-2.19.so
b776e000-b776f000 rw-p 00019000 08:01 964302     /lib/i386-linux-gnu/libpthread-2.19.so
b776f000-b7771000 rw-p 00000000 00:00 0 
b7771000-b7778000 r-xp 00000000 08:01 964292     /lib/i386-linux-gnu/libnss_compat-2.19.so
b7778000-b7779000 r--p 00006000 08:01 964292     /lib/i386-linux-gnu/libnss_compat-2.19.so
b7779000-b777a000 rw-p 00007000 08:01 964292     /lib/i386-linux-gnu/libnss_compat-2.19.so
b777a000-b777b000 rw-p 00000000 00:00 0 
b777b000-b777c000 ---p 00000000 00:00 0 
b777c000-b7787000 r-xp 00000000 08:01 12836      /usr/lib/jvm/java-8-oracle/jre/lib/i386/libverify.so
b7787000-b7788000 rw-p 0000b000 08:01 12836      /usr/lib/jvm/java-8-oracle/jre/lib/i386/libverify.so
b7788000-b778a000 rw-p 00000000 00:00 0 
b778a000-b778c000 r--p 00000000 00:00 0          [vvar]
b778c000-b778e000 r-xp 00000000 00:00 0          [vdso]
b778e000-b77ae000 r-xp 00000000 08:01 964299     /lib/i386-linux-gnu/ld-2.19.so
b77ae000-b77af000 r--p 0001f000 08:01 964299     /lib/i386-linux-gnu/ld-2.19.so
b77af000-b77b0000 rw-p 00020000 08:01 964299     /lib/i386-linux-gnu/ld-2.19.so
bfb90000-bfb91000 rwxp 00000000 00:00 0 
bfbc3000-bfbe4000 rw-p 00000000 00:00 0          [stack]

VM Arguments:
java_command: /home/artem/Client-bank-All/Client-bank/target/surefire/surefirebooter8976055406987345922.jar /home/artem/Client-bank-All/Client-bank/target/surefire/surefire3959149386552689684tmp /home/artem/Client-bank-All/Client-bank/target/surefire/surefire_01552805653674477432tmp
java_class_path (initial): /home/artem/Client-bank-All/Client-bank/target/surefire/surefirebooter8976055406987345922.jar
Launcher Type: SUN_STANDARD

Environment Variables:
JAVA_HOME=/usr/lib/jvm/java-8-oracle
PATH=/home/artem/.npm-global/bin:/usr/local/sbin:/usr/local/bin:/usr/sbin:/usr/bin:/sbin:/bin:/usr/games:/usr/local/games:/usr/lib/jvm/java-8-oracle/bin:/usr/lib/jvm/java-8-oracle/db/bin:/usr/lib/jvm/java-8-oracle/jre/bin
LD_LIBRARY_PATH=/usr/lib/jvm/java-8-oracle/jre/lib/amd64:/usr/lib/jvm/java-8-oracle/jre/lib/i386:
SHELL=/bin/bash
DISPLAY=:0

Signal Handlers:
SIGSEGV: [libjvm.so+0x8d74d0], sa_mask[0]=11111111011111111101111111111110, sa_flags=SA_RESTART|SA_SIGINFO
SIGBUS: [libjvm.so+0x8d74d0], sa_mask[0]=11111111011111111101111111111110, sa_flags=SA_RESTART|SA_SIGINFO
SIGFPE: [libjvm.so+0x7542e0], sa_mask[0]=11111111011111111101111111111110, sa_flags=SA_RESTART|SA_SIGINFO
SIGPIPE: [libjvm.so+0x7542e0], sa_mask[0]=11111111011111111101111111111110, sa_flags=SA_RESTART|SA_SIGINFO
SIGXFSZ: [libjvm.so+0x7542e0], sa_mask[0]=11111111011111111101111111111110, sa_flags=SA_RESTART|SA_SIGINFO
SIGILL: [libjvm.so+0x7542e0], sa_mask[0]=11111111011111111101111111111110, sa_flags=SA_RESTART|SA_SIGINFO
SIGUSR1: SIG_DFL, sa_mask[0]=00000000000000000000000000000000, sa_flags=none
SIGUSR2: [libjvm.so+0x755b70], sa_mask[0]=00100000000000000000000000000000, sa_flags=SA_RESTART|SA_SIGINFO
SIGHUP: [libjvm.so+0x757020], sa_mask[0]=11111111011111111101111111111110, sa_flags=SA_RESTART|SA_SIGINFO
SIGINT: SIG_IGN, sa_mask[0]=00000000000000000000000000000000, sa_flags=none
SIGTERM: [libjvm.so+0x757020], sa_mask[0]=11111111011111111101111111111110, sa_flags=SA_RESTART|SA_SIGINFO
SIGQUIT: [libjvm.so+0x757020], sa_mask[0]=11111111011111111101111111111110, sa_flags=SA_RESTART|SA_SIGINFO


---------------  S Y S T E M  ---------------

OS:DISTRIB_ID=Ubuntu
DISTRIB_RELEASE=14.04
DISTRIB_CODENAME=trusty
DISTRIB_DESCRIPTION="Ubuntu 14.04.5 LTS"

uname:Linux 4.4.0-70-generic #91~14.04.1-Ubuntu SMP Wed Mar 22 15:49:08 UTC 2017 i686
libc:glibc 2.19 NPTL 2.19 
rlimit: STACK 8192k, CORE 0k, NPROC 27431, NOFILE 4096, AS infinity
load average:39.26 21.03 8.88

/proc/meminfo:
MemTotal:        3533576 kB
MemFree:          190256 kB
MemAvailable:          0 kB
Buffers:             576 kB
Cached:            37624 kB
SwapCached:          784 kB
Active:          2227536 kB
Inactive:         797372 kB
Active(anon):    2216208 kB
Inactive(anon):   786288 kB
Active(file):      11328 kB
Inactive(file):    11084 kB
Unevictable:          32 kB
Mlocked:              32 kB
HighTotal:       2670472 kB
HighFree:          40996 kB
LowTotal:         863104 kB
LowFree:          149260 kB
SwapTotal:       1046524 kB
SwapFree:              0 kB
Dirty:                80 kB
Writeback:             0 kB
AnonPages:       2986428 kB
Mapped:            29428 kB
Shmem:             15328 kB
Slab:              51712 kB
SReclaimable:      27940 kB
SUnreclaim:        23772 kB
KernelStack:        5280 kB
PageTables:        17832 kB
NFS_Unstable:          0 kB
Bounce:                0 kB
WritebackTmp:          0 kB
CommitLimit:     2813312 kB
Committed_AS:    6994484 kB
VmallocTotal:     122880 kB
VmallocUsed:           0 kB
VmallocChunk:          0 kB
AnonHugePages:   1683456 kB
CmaTotal:              0 kB
CmaFree:               0 kB
HugePages_Total:       0
HugePages_Free:        0
HugePages_Rsvd:        0
HugePages_Surp:        0
Hugepagesize:       2048 kB
DirectMap4k:       26616 kB
DirectMap2M:      886784 kB


CPU:total 4 (1 cores per cpu, 1 threads per core) family 6 model 60 stepping 3, cmov, cx8, fxsr, mmx, sse, sse2, sse3, ssse3, sse4.1, sse4.2, popcnt, avx, avx2, aes, clmul, erms, lzcnt, tsc, tscinvbit, bmi1, bmi2

/proc/cpuinfo:
processor	: 0
vendor_id	: GenuineIntel
cpu family	: 6
model		: 60
model name	: Intel(R) Core(TM) i7-4770 CPU @ 3.40GHz
stepping	: 3
microcode	: 0x19
cpu MHz		: 3400.020
cache size	: 8192 KB
physical id	: 0
siblings	: 1
core id		: 0
cpu cores	: 1
apicid		: 0
initial apicid	: 0
fdiv_bug	: no
f00f_bug	: no
coma_bug	: no
fpu		: yes
fpu_exception	: yes
cpuid level	: 13
wp		: yes
flags		: fpu vme de pse tsc msr pae mce cx8 apic sep mtrr pge mca cmov pat pse36 clflush dts mmx fxsr sse sse2 ss nx pdpe1gb rdtscp lm constant_tsc arch_perfmon pebs bts xtopology tsc_reliable nonstop_tsc aperfmperf eagerfpu pni pclmulqdq ssse3 fma cx16 pcid sse4_1 sse4_2 x2apic movbe popcnt tsc_deadline_timer aes xsave avx f16c rdrand hypervisor lahf_lm abm fsgsbase tsc_adjust bmi1 avx2 smep bmi2 invpcid xsaveopt dtherm ida arat pln pts
bugs		:
bogomips	: 6800.04
clflush size	: 64
cache_alignment	: 64
address sizes	: 42 bits physical, 48 bits virtual
power management:

processor	: 1
vendor_id	: GenuineIntel
cpu family	: 6
model		: 60
model name	: Intel(R) Core(TM) i7-4770 CPU @ 3.40GHz
stepping	: 3
microcode	: 0x19
cpu MHz		: 3400.020
cache size	: 8192 KB
physical id	: 2
siblings	: 1
core id		: 0
cpu cores	: 1
apicid		: 2
initial apicid	: 2
fdiv_bug	: no
f00f_bug	: no
coma_bug	: no
fpu		: yes
fpu_exception	: yes
cpuid level	: 13
wp		: yes
flags		: fpu vme de pse tsc msr pae mce cx8 apic sep mtrr pge mca cmov pat pse36 clflush dts mmx fxsr sse sse2 ss nx pdpe1gb rdtscp lm constant_tsc arch_perfmon pebs bts xtopology tsc_reliable nonstop_tsc aperfmperf eagerfpu pni pclmulqdq ssse3 fma cx16 pcid sse4_1 sse4_2 x2apic movbe popcnt tsc_deadline_timer aes xsave avx f16c rdrand hypervisor lahf_lm abm fsgsbase tsc_adjust bmi1 avx2 smep bmi2 invpcid xsaveopt dtherm ida arat pln pts
bugs		:
bogomips	: 6800.04
clflush size	: 64
cache_alignment	: 64
address sizes	: 42 bits physical, 48 bits virtual
power management:

processor	: 2
vendor_id	: GenuineIntel
cpu family	: 6
model		: 60
model name	: Intel(R) Core(TM) i7-4770 CPU @ 3.40GHz
stepping	: 3
microcode	: 0x19
cpu MHz		: 3400.020
cache size	: 8192 KB
physical id	: 4
siblings	: 1
core id		: 0
cpu cores	: 1
apicid		: 4
initial apicid	: 4
fdiv_bug	: no
f00f_bug	: no
coma_bug	: no
fpu		: yes
fpu_exception	: yes
cpuid level	: 13
wp		: yes
flags		: fpu vme de pse tsc msr pae mce cx8 apic sep mtrr pge mca cmov pat pse36 clflush dts mmx fxsr sse sse2 ss nx pdpe1gb rdtscp lm constant_tsc arch_perfmon pebs bts xtopology tsc_reliable nonstop_tsc aperfmperf eagerfpu pni pclmulqdq ssse3 fma cx16 pcid sse4_1 sse4_2 x2apic movbe popcnt tsc_deadline_timer aes xsave avx f16c rdrand hypervisor lahf_lm abm fsgsbase tsc_adjust bmi1 avx2 smep bmi2 invpcid xsaveopt dtherm ida arat pln pts
bugs		:
bogomips	: 6800.04
clflush size	: 64
cache_alignment	: 64
address sizes	: 42 bits physical, 48 bits virtual
power management:

processor	: 3
vendor_id	: GenuineIntel
cpu family	: 6
model		: 60
model name	: Intel(R) Core(TM) i7-4770 CPU @ 3.40GHz
stepping	: 3
microcode	: 0x19
cpu MHz		: 3400.020
cache size	: 8192 KB
physical id	: 6
siblings	: 1
core id		: 0
cpu cores	: 1
apicid		: 6
initial apicid	: 6
fdiv_bug	: no
f00f_bug	: no
coma_bug	: no
fpu		: yes
fpu_exception	: yes
cpuid level	: 13
wp		: yes
flags		: fpu vme de pse tsc msr pae mce cx8 apic sep mtrr pge mca cmov pat pse36 clflush dts mmx fxsr sse sse2 ss nx pdpe1gb rdtscp lm constant_tsc arch_perfmon pebs bts xtopology tsc_reliable nonstop_tsc aperfmperf eagerfpu pni pclmulqdq ssse3 fma cx16 pcid sse4_1 sse4_2 x2apic movbe popcnt tsc_deadline_timer aes xsave avx f16c rdrand hypervisor lahf_lm abm fsgsbase tsc_adjust bmi1 avx2 smep bmi2 invpcid xsaveopt dtherm ida arat pln pts
bugs		:
bogomips	: 6800.04
clflush size	: 64
cache_alignment	: 64
address sizes	: 42 bits physical, 48 bits virtual
power management:



Memory: 4k page, physical 3533576k(190404k free), swap 1046524k(0k free)

vm_info: Java HotSpot(TM) Server VM (25.121-b13) for linux-x86 JRE (1.8.0_121-b13), built on Dec 12 2016 16:06:09 by "java_re" with gcc 4.3.0 20080428 (Red Hat 4.3.0-8)

time: Mon Apr  3 14:55:24 2017
elapsed time: 214 seconds (0d 0h 3m 34s)

