#
# There is insufficient memory for the Java Runtime Environment to continue.
# Native memory allocation (mmap) failed to map 34078720 bytes for committing reserved memory.
# Possible reasons:
#   The system is out of physical RAM or swap space
#   In 32 bit mode, the process size limit was hit
# Possible solutions:
#   Reduce memory load on the system
#   Increase physical memory or swap space
#   Check if swap backing store is full
#   Use 64 bit Java on a 64 bit OS
#   Decrease Java heap size (-Xmx/-Xms)
#   Decrease number of Java threads
#   Decrease Java thread stack sizes (-Xss)
#   Set larger code cache with -XX:ReservedCodeCacheSize=
# This output file may be truncated or incomplete.
#
#  Out of Memory Error (os_linux.cpp:2627), pid=12516, tid=0x6e0ffb40
#
# JRE version: Java(TM) SE Runtime Environment (8.0_121-b13) (build 1.8.0_121-b13)
# Java VM: Java HotSpot(TM) Server VM (25.121-b13 mixed mode linux-x86 )
# Failed to write core dump. Core dumps have been disabled. To enable core dumping, try "ulimit -c unlimited" before starting Java again
#

---------------  T H R E A D  ---------------

Current thread (0x6e181400):  VMThread [stack: 0x6e07f000,0x6e100000] [id=12530]

Stack: [0x6e07f000,0x6e100000],  sp=0x6e0fea20,  free space=510k
Native frames: (J=compiled Java code, j=interpreted, Vv=VM code, C=native code)
V  [libjvm.so+0x8d69bf]  VMError::report_and_die()+0x16f
V  [libjvm.so+0x38eb75]  report_vm_out_of_memory(char const*, int, unsigned int, VMErrorType, char const*)+0x55
V  [libjvm.so+0x7575d6]  os::Linux::commit_memory_impl(char*, unsigned int, bool)+0xe6
V  [libjvm.so+0x757aa8]  os::pd_commit_memory(char*, unsigned int, unsigned int, bool)+0x28
V  [libjvm.so+0x7519fc]  os::commit_memory(char*, unsigned int, unsigned int, bool)+0x2c
V  [libjvm.so+0x7bd1b8]  PSVirtualSpace::expand_by(unsigned int)+0x48
V  [libjvm.so+0x7be2ba]  PSYoungGen::resize_generation(unsigned int, unsigned int)+0xda
V  [libjvm.so+0x7bd5e9]  PSYoungGen::resize(unsigned int, unsigned int)+0x19
V  [libjvm.so+0x7baf15]  PSScavenge::invoke_no_policy()+0xd15
V  [libjvm.so+0x7bb6d8]  PSScavenge::invoke()+0x28
V  [libjvm.so+0x77935a]  ParallelScavengeHeap::failed_mem_allocate(unsigned int)+0x5a
V  [libjvm.so+0x8d848a]  VM_ParallelGCFailedAllocation::doit()+0x7a
V  [libjvm.so+0x8e1b47]  VM_Operation::evaluate()+0x47
V  [libjvm.so+0x8dfc23]  VMThread::evaluate_operation(VM_Operation*)+0xb3
V  [libjvm.so+0x8dffc0]  VMThread::loop()+0x1b0
V  [libjvm.so+0x8e0425]  VMThread::run()+0x85
V  [libjvm.so+0x759ea9]  java_start(Thread*)+0x119
C  [libpthread.so.0+0x6f72]  start_thread+0xd2

VM_Operation (0xb67027d0): ParallelGCFailedAllocation, mode: safepoint, requested by thread 0xb6507400


---------------  P R O C E S S  ---------------

Java Threads: ( => current thread )
  0x6e1aac00 JavaThread "Service Thread" daemon [_thread_blocked, id=12537, stack(0x6d9ad000,0x6d9fe000)]
  0x6e1a7c00 JavaThread "C1 CompilerThread2" daemon [_thread_blocked, id=12536, stack(0x6d9fe000,0x6da7f000)]
  0x6e1a6400 JavaThread "C2 CompilerThread1" daemon [_thread_blocked, id=12535, stack(0x6da7f000,0x6db00000)]
  0x6e1a4800 JavaThread "C2 CompilerThread0" daemon [_thread_blocked, id=12534, stack(0x6de2e000,0x6deaf000)]
  0x6e1a3000 JavaThread "Signal Dispatcher" daemon [_thread_blocked, id=12533, stack(0x6deaf000,0x6df00000)]
  0x6e188800 JavaThread "Finalizer" daemon [_thread_blocked, id=12532, stack(0x6e02e000,0x6e07f000)]
  0x6e185c00 JavaThread "Reference Handler" daemon [_thread_blocked, id=12531, stack(0x6e22a000,0x6e27b000)]
  0xb6507400 JavaThread "main" [_thread_blocked, id=12519, stack(0xb66b4000,0xb6705000)]

Other Threads:
=>0x6e181400 VMThread [stack: 0x6e07f000,0x6e100000] [id=12530]
  0x6e1ae000 WatcherThread [stack: 0x6d92c000,0x6d9ad000] [id=12538]

VM state:at safepoint (normal execution)

VM Mutex/Monitor currently owned by a thread:  ([mutex/lock_event])
[0xb6504d08] Threads_lock - owner thread: 0x6e181400
[0xb6505118] Heap_lock - owner thread: 0xb6507400

Heap:
 PSYoungGen      total 59904K, used 5106K [0x95000000, 0x99000000, 0xa7000000)
  eden space 54272K, 0% used [0x95000000,0x95000000,0x98500000)
  from space 5632K, 90% used [0x98500000,0x989fcb38,0x98a80000)
  to   space 5632K, 0% used [0x98a80000,0x98a80000,0x99000000)
 ParOldGen       total 36864K, used 10750K [0x71000000, 0x73400000, 0x95000000)
  object space 36864K, 29% used [0x71000000,0x71a7f8c0,0x73400000)
 Metaspace       used 9701K, capacity 9941K, committed 10008K, reserved 10544K

Card table byte_map: [0x70e4f000,0x71000000] byte_map_base: 0x70ac7000

Marking Bits: (ParMarkBitMap*) 0xb71578c0
 Begin Bits: [0x6ec00000, 0x6f980000)
 End Bits:   [0x6f980000, 0x70700000)

Polling page: 0xb775e000

CodeCache: size=245760Kb used=7037Kb max_used=7057Kb free=238722Kb
 bounds [0xa7500000, 0xa7c30000, 0xb6500000]
 total_blobs=2661 nmethods=2482 adapters=92
 compilation: enabled

Compilation events (10 events):
Event: 223.951 Thread 0x6e1a7c00 2850       3       org.apache.maven.model.DistributionManagement::setRepository (6 bytes)
Event: 223.951 Thread 0x6e1a7c00 nmethod 2850 0xa76af888 code [0xa76af9a0, 0xa76afa80]
Event: 223.952 Thread 0x6e1a7c00 2851       3       org.apache.maven.model.management.DefaultPluginManagementInjector$ManagementModelMerger::mergePluginContainer_Plugins (168 bytes)
Event: 223.956 Thread 0x6e1a7c00 nmethod 2851 0xa789c1c8 code [0xa789c660, 0xa789eaf4]
Event: 224.230 Thread 0x6e1a4800 2852       4       java.util.LinkedList::unlinkLast (64 bytes)
Event: 224.230 Thread 0x6e1a7c00 2853       3       org.apache.maven.model.merge.ModelMerger::mergeDependencyManagement_Dependencies (191 bytes)
Event: 224.232 Thread 0x6e1a7c00 nmethod 2853 0xa7977408 code [0xa79777c0, 0xa79792c4]
Event: 225.715 Thread 0x6e1a7c00 2854       3       org.apache.maven.model.merge.ModelMerger::mergeDeploymentRepository (19 bytes)
Event: 225.828 Thread 0x6e1a4800 nmethod 2852 0xa7a9a148 code [0xa7a9a240, 0xa7a9a2d0]
Event: 225.828 Thread 0x6e1a6400 nmethod 2849 0xa796fc48 code [0xa796ff80, 0xa79713b4]

GC Heap History (10 events):
Event: 4.856 GC heap after
Heap after GC invocations=4 (full 0):
 PSYoungGen      total 29952K, used 2298K [0x95000000, 0x96f80000, 0xa7000000)
  eden space 27648K, 0% used [0x95000000,0x95000000,0x96b00000)
  from space 2304K, 99% used [0x96d40000,0x96f7e870,0x96f80000)
  to   space 2304K, 0% used [0x96b00000,0x96b00000,0x96d40000)
 ParOldGen       total 36864K, used 4912K [0x71000000, 0x73400000, 0x95000000)
  object space 36864K, 13% used [0x71000000,0x714cc3b0,0x73400000)
 Metaspace       used 8361K, capacity 8584K, committed 8600K, reserved 9520K
}
Event: 7.611 GC heap before
{Heap before GC invocations=5 (full 0):
 PSYoungGen      total 29952K, used 29946K [0x95000000, 0x96f80000, 0xa7000000)
  eden space 27648K, 100% used [0x95000000,0x96b00000,0x96b00000)
  from space 2304K, 99% used [0x96d40000,0x96f7e870,0x96f80000)
  to   space 2304K, 0% used [0x96b00000,0x96b00000,0x96d40000)
 ParOldGen       total 36864K, used 4912K [0x71000000, 0x73400000, 0x95000000)
  object space 36864K, 13% used [0x71000000,0x714cc3b0,0x73400000)
 Metaspace       used 8790K, capacity 8985K, committed 9112K, reserved 9520K
Event: 7.623 GC heap after
Heap after GC invocations=5 (full 0):
 PSYoungGen      total 29184K, used 2298K [0x95000000, 0x97540000, 0xa7000000)
  eden space 26880K, 0% used [0x95000000,0x95000000,0x96a40000)
  from space 2304K, 99% used [0x96b00000,0x96d3e870,0x96d40000)
  to   space 5632K, 0% used [0x96fc0000,0x96fc0000,0x97540000)
 ParOldGen       total 36864K, used 7162K [0x71000000, 0x73400000, 0x95000000)
  object space 36864K, 19% used [0x71000000,0x716fe938,0x73400000)
 Metaspace       used 8790K, capacity 8985K, committed 9112K, reserved 9520K
}
Event: 11.796 GC heap before
{Heap before GC invocations=6 (full 0):
 PSYoungGen      total 29184K, used 29178K [0x95000000, 0x97540000, 0xa7000000)
  eden space 26880K, 100% used [0x95000000,0x96a40000,0x96a40000)
  from space 2304K, 99% used [0x96b00000,0x96d3e870,0x96d40000)
  to   space 5632K, 0% used [0x96fc0000,0x96fc0000,0x97540000)
 ParOldGen       total 36864K, used 7162K [0x71000000, 0x73400000, 0x95000000)
  object space 36864K, 19% used [0x71000000,0x716fe938,0x73400000)
 Metaspace       used 8874K, capacity 9081K, committed 9112K, reserved 9520K
Event: 12.046 GC heap after
Heap after GC invocations=6 (full 0):
 PSYoungGen      total 32768K, used 3962K [0x95000000, 0x98f00000, 0xa7000000)
  eden space 27136K, 0% used [0x95000000,0x95000000,0x96a80000)
  from space 5632K, 70% used [0x96fc0000,0x9739e870,0x97540000)
  to   space 5376K, 0% used [0x96a80000,0x96a80000,0x96fc0000)
 ParOldGen       total 36864K, used 7162K [0x71000000, 0x73400000, 0x95000000)
  object space 36864K, 19% used [0x71000000,0x716fe938,0x73400000)
 Metaspace       used 8874K, capacity 9081K, committed 9112K, reserved 9520K
}
Event: 59.345 GC heap before
{Heap before GC invocations=7 (full 0):
 PSYoungGen      total 32768K, used 31098K [0x95000000, 0x98f00000, 0xa7000000)
  eden space 27136K, 100% used [0x95000000,0x96a80000,0x96a80000)
  from space 5632K, 70% used [0x96fc0000,0x9739e870,0x97540000)
  to   space 5376K, 0% used [0x96a80000,0x96a80000,0x96fc0000)
 ParOldGen       total 36864K, used 7162K [0x71000000, 0x73400000, 0x95000000)
  object space 36864K, 19% used [0x71000000,0x716fe938,0x73400000)
 Metaspace       used 8959K, capacity 9184K, committed 9240K, reserved 9520K
Event: 59.464 GC heap after
Heap after GC invocations=7 (full 0):
 PSYoungGen      total 32512K, used 4506K [0x95000000, 0x99000000, 0xa7000000)
  eden space 27136K, 0% used [0x95000000,0x95000000,0x96a80000)
  from space 5376K, 83% used [0x96a80000,0x96ee6830,0x96fc0000)
  to   space 5632K, 0% used [0x98a80000,0x98a80000,0x99000000)
 ParOldGen       total 36864K, used 7919K [0x71000000, 0x73400000, 0x95000000)
  object space 36864K, 21% used [0x71000000,0x717bbee0,0x73400000)
 Metaspace       used 8959K, capacity 9184K, committed 9240K, reserved 9520K
}
Event: 81.887 GC heap before
{Heap before GC invocations=8 (full 0):
 PSYoungGen      total 32512K, used 31642K [0x95000000, 0x99000000, 0xa7000000)
  eden space 27136K, 100% used [0x95000000,0x96a80000,0x96a80000)
  from space 5376K, 83% used [0x96a80000,0x96ee6830,0x96fc0000)
  to   space 5632K, 0% used [0x98a80000,0x98a80000,0x99000000)
 ParOldGen       total 36864K, used 7919K [0x71000000, 0x73400000, 0x95000000)
  object space 36864K, 21% used [0x71000000,0x717bbee0,0x73400000)
 Metaspace       used 9028K, capacity 9248K, committed 9368K, reserved 9520K
Event: 82.079 GC heap after
Heap after GC invocations=8 (full 0):
 PSYoungGen      total 59904K, used 4640K [0x95000000, 0x99000000, 0xa7000000)
  eden space 54272K, 0% used [0x95000000,0x95000000,0x98500000)
  from space 5632K, 82% used [0x98a80000,0x98f08020,0x99000000)
  to   space 5632K, 0% used [0x98500000,0x98500000,0x98a80000)
 ParOldGen       total 36864K, used 8799K [0x71000000, 0x73400000, 0x95000000)
  object space 36864K, 23% used [0x71000000,0x71897f00,0x73400000)
 Metaspace       used 9028K, capacity 9248K, committed 9368K, reserved 9520K
}
Event: 226.801 GC heap before
{Heap before GC invocations=9 (full 0):
 PSYoungGen      total 59904K, used 58912K [0x95000000, 0x99000000, 0xa7000000)
  eden space 54272K, 100% used [0x95000000,0x98500000,0x98500000)
  from space 5632K, 82% used [0x98a80000,0x98f08020,0x99000000)
  to   space 5632K, 0% used [0x98500000,0x98500000,0x98a80000)
 ParOldGen       total 36864K, used 8799K [0x71000000, 0x73400000, 0x95000000)
  object space 36864K, 23% used [0x71000000,0x71897f00,0x73400000)
 Metaspace       used 9701K, capacity 9941K, committed 10008K, reserved 10544K

Deoptimization events (10 events):
Event: 144.122 Thread 0xb6507400 Uncommon trap: reason=bimorphic action=maybe_recompile pc=0xa792da24 method=java.util.regex.Pattern$Curly.match0(Ljava/util/regex/Matcher;IILjava/lang/CharSequence;)Z @ 170
Event: 144.123 Thread 0xb6507400 Uncommon trap: reason=bimorphic action=maybe_recompile pc=0xa792da24 method=java.util.regex.Pattern$Curly.match0(Ljava/util/regex/Matcher;IILjava/lang/CharSequence;)Z @ 170
Event: 144.123 Thread 0xb6507400 Uncommon trap: reason=bimorphic action=maybe_recompile pc=0xa792da24 method=java.util.regex.Pattern$Curly.match0(Ljava/util/regex/Matcher;IILjava/lang/CharSequence;)Z @ 170
Event: 149.686 Thread 0xb6507400 Uncommon trap: reason=class_check action=maybe_recompile pc=0xa76f7bf0 method=java.util.AbstractCollection.containsAll(Ljava/util/Collection;)Z @ 1
Event: 164.111 Thread 0xb6507400 Uncommon trap: reason=unstable_if action=reinterpret pc=0xa77df954 method=java.util.IdentityHashMap.get(Ljava/lang/Object;)Ljava/lang/Object; @ 43
Event: 164.112 Thread 0xb6507400 Uncommon trap: reason=unstable_if action=reinterpret pc=0xa76c5a3c method=java.util.IdentityHashMap.get(Ljava/lang/Object;)Ljava/lang/Object; @ 43
Event: 173.322 Thread 0xb6507400 Uncommon trap: reason=unstable_if action=reinterpret pc=0xa7ad0378 method=org.codehaus.plexus.util.StringUtils.isNotEmpty(Ljava/lang/String;)Z @ 8
Event: 177.588 Thread 0xb6507400 Uncommon trap: reason=unstable_if action=reinterpret pc=0xa79a170c method=org.sonatype.guice.bean.locators.RankedBindings$Itr.hasNext()Z @ 60
Event: 177.858 Thread 0xb6507400 Uncommon trap: reason=unstable_if action=reinterpret pc=0xa7996c74 method=org.sonatype.guice.bean.locators.RankedBindings$Itr.hasNext()Z @ 60
Event: 186.795 Thread 0xb6507400 Uncommon trap: reason=unstable_if action=reinterpret pc=0xa7a41228 method=java.util.ArrayList.remove(Ljava/lang/Object;)Z @ 46

Internal exceptions (10 events):
Event: 2.628 Thread 0xb6507400 Exception <a 'java/lang/NoClassDefFoundError'> (0x9502c180) thrown at [/HUDSON/workspace/8-2-build-linux-i586/jdk8u121/8372/hotspot/src/share/vm/oops/instanceKlass.cpp, line 964]
Event: 3.606 Thread 0xb6507400 Exception <a 'java/lang/NoSuchFieldError': method resolution failed> (0x9565fa48) thrown at [/HUDSON/workspace/8-2-build-linux-i586/jdk8u121/8372/hotspot/src/share/vm/prims/methodHandles.cpp, line 1146]
Event: 3.608 Thread 0xb6507400 Exception <a 'java/lang/NoSuchFieldError': method resolution failed> (0x9566bef8) thrown at [/HUDSON/workspace/8-2-build-linux-i586/jdk8u121/8372/hotspot/src/share/vm/prims/methodHandles.cpp, line 1146]
Event: 5.151 Thread 0xb6507400 Implicit null exception at 0xa78d4512 to 0xa78d4cf9
Event: 6.382 Thread 0xb6507400 Implicit null exception at 0xa799d552 to 0xa799dd39
Event: 6.604 Thread 0xb6507400 Implicit null exception at 0xa77e313e to 0xa77e32c1
Event: 6.604 Thread 0xb6507400 Implicit null exception at 0xa772818b to 0xa77281d0
Event: 23.501 Thread 0xb6507400 Implicit null exception at 0xa7aeaf2b to 0xa7aec45d
Event: 115.027 Thread 0xb6507400 Implicit null exception at 0xa77b29ff to 0xa77b2e09
Event: 177.581 Thread 0xb6507400 Exception <a 'java/lang/NoClassDefFoundError': org/slf4j/Logger> (0x971d2238) thrown at [/HUDSON/workspace/8-2-build-linux-i586/jdk8u121/8372/hotspot/src/share/vm/oops/constantPool.cpp, line 235]

Events (10 events):
Event: 193.660 loading class org/apache/maven/plugin/logging/Log done
Event: 193.660 loading class org/apache/maven/plugin/logging/Log
Event: 193.660 loading class org/apache/maven/plugin/logging/Log done
Event: 193.661 loading class org/apache/maven/artifact/resolver/filter/CumulativeScopeArtifactFilter
Event: 193.661 loading class org/apache/maven/artifact/resolver/filter/CumulativeScopeArtifactFilter done
Event: 193.792 loading class org/apache/maven/artifact/resolver/filter/AbstractScopeArtifactFilter
Event: 193.792 loading class org/apache/maven/artifact/resolver/filter/AbstractScopeArtifactFilter done
Event: 224.232 Thread 0x6e1a7c00 flushing nmethod 0xa76bc808
Event: 224.232 Thread 0x6e1a7c00 flushing nmethod 0xa76e8d48
Event: 226.774 Executing VM operation: ParallelGCFailedAllocation


Dynamic libraries:
08048000-08049000 r-xp 00000000 08:01 13086      /usr/lib/jvm/java-8-oracle/bin/java
08049000-0804a000 rw-p 00000000 08:01 13086      /usr/lib/jvm/java-8-oracle/bin/java
084a4000-08571000 rw-p 00000000 00:00 0          [heap]
6c100000-6c1d4000 rw-p 00000000 00:00 0 
6c1d4000-6c200000 ---p 00000000 00:00 0 
6c300000-6c33a000 rw-p 00000000 00:00 0 
6c33a000-6c400000 ---p 00000000 00:00 0 
6c500000-6c5ff000 rw-p 00000000 00:00 0 
6c5ff000-6c600000 ---p 00000000 00:00 0 
6c600000-6c6fd000 rw-p 00000000 00:00 0 
6c6fd000-6c700000 ---p 00000000 00:00 0 
6c700000-6c780000 rw-p 00000000 00:00 0 
6c780000-6c800000 ---p 00000000 00:00 0 
6c800000-6c8fd000 rw-p 00000000 00:00 0 
6c8fd000-6c900000 ---p 00000000 00:00 0 
6c900000-6ca00000 rw-p 00000000 00:00 0 
6ca00000-6cadc000 rw-p 00000000 00:00 0 
6cadc000-6cb00000 ---p 00000000 00:00 0 
6cb00000-6cc00000 rw-p 00000000 00:00 0 
6cc00000-6ccf4000 rw-p 00000000 00:00 0 
6ccf4000-6cd00000 ---p 00000000 00:00 0 
6cd00000-6ce00000 rw-p 00000000 00:00 0 
6ce00000-6ceff000 rw-p 00000000 00:00 0 
6ceff000-6cf00000 ---p 00000000 00:00 0 
6cf00000-6d000000 rw-p 00000000 00:00 0 
6d000000-6d0f7000 rw-p 00000000 00:00 0 
6d0f7000-6d100000 ---p 00000000 00:00 0 
6d100000-6d200000 rw-p 00000000 00:00 0 
6d200000-6d2fc000 rw-p 00000000 00:00 0 
6d2fc000-6d300000 ---p 00000000 00:00 0 
6d300000-6d400000 rw-p 00000000 00:00 0 
6d400000-6d4ed000 rw-p 00000000 00:00 0 
6d4ed000-6d500000 ---p 00000000 00:00 0 
6d500000-6d5e2000 rw-p 00000000 00:00 0 
6d5e2000-6d600000 ---p 00000000 00:00 0 
6d600000-6d6fc000 rw-p 00000000 00:00 0 
6d6fc000-6d700000 ---p 00000000 00:00 0 
6d700000-6d7f9000 rw-p 00000000 00:00 0 
6d7f9000-6d800000 ---p 00000000 00:00 0 
6d800000-6d900000 rw-p 00000000 00:00 0 
6d92c000-6d92d000 ---p 00000000 00:00 0 
6d92d000-6d9ad000 rw-p 00000000 00:00 0 
6d9ad000-6d9b0000 ---p 00000000 00:00 0 
6d9b0000-6d9fe000 rw-p 00000000 00:00 0 
6d9fe000-6da01000 ---p 00000000 00:00 0 
6da01000-6da7f000 rw-p 00000000 00:00 0 
6da7f000-6da82000 ---p 00000000 00:00 0 
6da82000-6db00000 rw-p 00000000 00:00 0 
6db00000-6dd00000 r--p 00000000 08:01 7680       /usr/lib/locale/locale-archive
6dd00000-6dd21000 rw-p 00000000 00:00 0 
6dd21000-6de00000 ---p 00000000 00:00 0 
6de2e000-6de31000 ---p 00000000 00:00 0 
6de31000-6deaf000 rw-p 00000000 00:00 0 
6deaf000-6deb2000 ---p 00000000 00:00 0 
6deb2000-6df00000 rw-p 00000000 00:00 0 
6df00000-6dfeb000 rw-p 00000000 00:00 0 
6dfeb000-6e000000 ---p 00000000 00:00 0 
6e02e000-6e031000 ---p 00000000 00:00 0 
6e031000-6e07f000 rw-p 00000000 00:00 0 
6e07f000-6e080000 ---p 00000000 00:00 0 
6e080000-6e100000 rw-p 00000000 00:00 0 
6e100000-6e1ff000 rw-p 00000000 00:00 0 
6e1ff000-6e200000 ---p 00000000 00:00 0 
6e202000-6e204000 r--s 0000d000 08:01 1063018    /home/artem/.m2/repository/org/codehaus/plexus/plexus-interpolation/1.13/plexus-interpolation-1.13.jar
6e204000-6e213000 r-xp 00000000 08:01 12788      /usr/lib/jvm/java-8-oracle/jre/lib/i386/libnio.so
6e213000-6e214000 rw-p 0000e000 08:01 12788      /usr/lib/jvm/java-8-oracle/jre/lib/i386/libnio.so
6e214000-6e229000 r-xp 00000000 08:01 12867      /usr/lib/jvm/java-8-oracle/jre/lib/i386/libnet.so
6e229000-6e22a000 rw-p 00015000 08:01 12867      /usr/lib/jvm/java-8-oracle/jre/lib/i386/libnet.so
6e22a000-6e22d000 ---p 00000000 00:00 0 
6e22d000-6e27b000 rw-p 00000000 00:00 0 
6e27b000-6e454000 r--s 03d3e000 08:01 12994      /usr/lib/jvm/java-8-oracle/jre/lib/rt.jar
6e454000-6e89a000 rw-p 00000000 00:00 0 
6e89a000-6e8a0000 ---p 00000000 00:00 0 
6e8a0000-70700000 rw-p 00000000 00:00 0 
70700000-707fd000 rw-p 00000000 00:00 0 
707fd000-70800000 ---p 00000000 00:00 0 
70801000-70830000 r--s 001c8000 08:01 425790     /home/artem/netbeans-8.2/java/maven/lib/wagon-http-2.10-shaded.jar
70830000-7087f000 rw-p 00000000 00:00 0 
7087f000-70880000 ---p 00000000 00:00 0 
70880000-70900000 rw-p 00000000 00:00 0 
70900000-709fe000 rw-p 00000000 00:00 0 
709fe000-70a00000 ---p 00000000 00:00 0 
70a00000-70a21000 rw-p 00000000 00:00 0 
70a21000-70b00000 ---p 00000000 00:00 0 
70b00000-70b02000 r--s 00009000 08:01 718425     /home/artem/.m2/repository/org/apache/maven/shared/maven-filtering/1.1/maven-filtering-1.1.jar
70b02000-70b06000 r--s 00033000 08:01 1062997    /home/artem/.m2/repository/org/codehaus/plexus/plexus-utils/2.0.5/plexus-utils-2.0.5.jar
70b06000-70b09000 r--s 0001b000 08:01 693393     /home/artem/.m2/repository/junit/junit/3.8.1/junit-3.8.1.jar
70b09000-70b0b000 r--s 00002000 08:01 1063017    /home/artem/.m2/repository/org/codehaus/plexus/plexus-interactivity-api/1.0-alpha-4/plexus-interactivity-api-1.0-alpha-4.jar
70b0b000-70b0e000 ---p 00000000 00:00 0 
70b0e000-70b7f000 rw-p 00000000 00:00 0 
70b7f000-70b80000 ---p 00000000 00:00 0 
70b80000-70c00000 rw-p 00000000 00:00 0 
70c00000-70c21000 rw-p 00000000 00:00 0 
70c21000-70d00000 ---p 00000000 00:00 0 
70d00000-70d01000 r--s 00001000 08:01 693424     /home/artem/.m2/repository/org/sonatype/plexus/plexus-build-api/0.0.4/plexus-build-api-0.0.4.jar
70d01000-70d03000 r--s 00006000 08:01 693422     /home/artem/.m2/repository/commons-cli/commons-cli/1.0/commons-cli-1.0.jar
70d03000-70d04000 r--s 00001000 08:01 292614     /home/artem/.m2/repository/org/apache/maven/doxia/doxia-sink-api/1.0-alpha-7/doxia-sink-api-1.0-alpha-7.jar
70d04000-70d05000 r--s 00002000 08:01 836313     /home/artem/.m2/repository/org/apache/maven/reporting/maven-reporting-api/2.0.6/maven-reporting-api-2.0.6.jar
70d05000-70d07000 r--s 00006000 08:01 940037     /home/artem/.m2/repository/org/apache/maven/plugins/maven-resources-plugin/2.6/maven-resources-plugin-2.6.jar
70d07000-70d08000 r--p 00000000 00:00 0 
70d08000-70d0c000 r--s 0009a000 08:01 12904      /usr/lib/jvm/java-8-oracle/jre/lib/jsse.jar
70d0c000-70d0e000 r--s 0000d000 08:01 425806     /home/artem/netbeans-8.2/java/maven-nblib/netbeans-eventspy.jar
70d0e000-70d10000 r--s 0000d000 08:01 425766     /home/artem/netbeans-8.2/java/maven/lib/plexus-interpolation-1.14.jar
70d10000-70d14000 r--s 00013000 08:01 425814     /home/artem/netbeans-8.2/java/maven/lib/aether-api-1.13.1.jar
70d14000-70d16000 r--s 00000000 08:01 425605     /home/artem/netbeans-8.2/java/maven/lib/plexus-component-annotations-1.5.5.jar
70d16000-70d18000 r--s 00006000 08:01 425712     /home/artem/netbeans-8.2/java/maven/lib/aether-connector-wagon-1.13.1.jar
70d18000-70d1c000 r--s 00021000 08:01 425764     /home/artem/netbeans-8.2/java/maven/lib/maven-model-builder-3.0.5.jar
70d1c000-70d23000 r--s 0003f000 08:01 425792     /home/artem/netbeans-8.2/java/maven/lib/sisu-inject-bean-2.3.0.jar
70d23000-70d24000 r--s 00003000 08:01 425815     /home/artem/netbeans-8.2/java/maven/lib/aether-spi-1.13.1.jar
70d24000-70d26000 r--s 0000a000 08:01 425802     /home/artem/netbeans-8.2/java/maven/lib/maven-settings-3.0.5.jar
70d26000-70d28000 r--s 00006000 08:01 425671     /home/artem/netbeans-8.2/java/maven/lib/maven-repository-metadata-3.0.5.jar
70d28000-70d2c000 r--s 0001c000 08:01 425809     /home/artem/netbeans-8.2/java/maven/lib/aether-util-1.13.1.jar
70d2c000-70d2e000 r--s 0000b000 08:01 425800     /home/artem/netbeans-8.2/java/maven/lib/maven-artifact-3.0.5.jar
70d2e000-70d30000 r--s 0000c000 08:01 425743     /home/artem/netbeans-8.2/java/maven/lib/maven-aether-provider-3.0.5.jar
70d30000-70d32000 r--s 00009000 08:01 425819     /home/artem/netbeans-8.2/java/maven/lib/commons-cli-1.2.jar
70d32000-70d3a000 r--s 00050000 08:01 425782     /home/artem/netbeans-8.2/java/maven/lib/sisu-guice-3.1.0-no_aop.jar
70d3a000-70d3c000 r--s 0000b000 08:01 425783     /home/artem/netbeans-8.2/java/maven/lib/wagon-provider-api-2.10.jar
70d3c000-70d3f000 r--s 00008000 08:01 425731     /home/artem/netbeans-8.2/java/maven/lib/maven-settings-builder-3.0.5.jar
70d3f000-70d42000 r--s 0001d000 08:01 425808     /home/artem/netbeans-8.2/java/maven/lib/aether-impl-1.13.1.jar
70d42000-70d49000 r--s 0002b000 08:01 425775     /home/artem/netbeans-8.2/java/maven/lib/sisu-inject-plexus-2.3.0.jar
70d49000-70d4b000 r--s 00002000 08:01 425813     /home/artem/netbeans-8.2/java/maven/lib/plexus-cipher-1.7.jar
70d4b000-70d4d000 r--s 00026000 08:01 425812     /home/artem/netbeans-8.2/java/maven/lib/maven-model-3.0.5.jar
70d4d000-70d4e000 ---p 00000000 00:00 0 
70d4e000-70dce000 rw-p 00000000 00:00 0 
70dce000-70dcf000 ---p 00000000 00:00 0 
70dcf000-70e61000 rw-p 00000000 00:00 0 
70e61000-70f6f000 ---p 00000000 00:00 0 
70f6f000-70f8f000 rw-p 00000000 00:00 0 
70f8f000-70fff000 ---p 00000000 00:00 0 
70fff000-73400000 rw-p 00000000 00:00 0 
73400000-95000000 ---p 00000000 00:00 0 
95000000-99000000 rw-p 00000000 00:00 0 
9aee2000-9b080000 rw-p 00000000 00:00 0 
9b080000-a7000000 ---p 00000000 00:00 0 
a7000000-a7001000 r--s 0000a000 08:01 425801     /home/artem/netbeans-8.2/java/maven/lib/maven-embedder-3.0.5.jar
a7001000-a7020000 r--s 00154000 08:01 425817     /home/artem/netbeans-8.2/java/maven/lib/sisu-guava-0.9.9.jar
a7020000-a7032000 rw-p 00000000 00:00 0 
a7032000-a7140000 ---p 00000000 00:00 0 
a7140000-a715d000 rw-p 00000000 00:00 0 
a715d000-a7500000 ---p 00000000 00:00 0 
a7500000-a7c30000 rwxp 00000000 00:00 0 
a7c30000-b6500000 ---p 00000000 00:00 0 
b6500000-b65fb000 rw-p 00000000 00:00 0 
b65fb000-b6600000 ---p 00000000 00:00 0 
b6600000-b6601000 r--s 00002000 08:01 425818     /home/artem/netbeans-8.2/java/maven/lib/wagon-file-2.10.jar
b6601000-b6603000 r--s 0000b000 08:01 425791     /home/artem/netbeans-8.2/java/maven/lib/maven-plugin-api-3.0.5.jar
b6603000-b660f000 r--s 0007d000 08:01 425816     /home/artem/netbeans-8.2/java/maven/lib/maven-core-3.0.5.jar
b660f000-b6624000 rw-p 00000000 00:00 0 
b6624000-b663d000 r-xp 00000000 08:01 12811      /usr/lib/jvm/java-8-oracle/jre/lib/i386/libzip.so
b663d000-b663e000 rw-p 00019000 08:01 12811      /usr/lib/jvm/java-8-oracle/jre/lib/i386/libzip.so
b663e000-b6648000 r-xp 00000000 08:01 964300     /lib/i386-linux-gnu/libnss_files-2.19.so
b6648000-b6649000 r--p 00009000 08:01 964300     /lib/i386-linux-gnu/libnss_files-2.19.so
b6649000-b664a000 rw-p 0000a000 08:01 964300     /lib/i386-linux-gnu/libnss_files-2.19.so
b664a000-b6654000 r-xp 00000000 08:01 964285     /lib/i386-linux-gnu/libnss_nis-2.19.so
b6654000-b6655000 r--p 00009000 08:01 964285     /lib/i386-linux-gnu/libnss_nis-2.19.so
b6655000-b6656000 rw-p 0000a000 08:01 964285     /lib/i386-linux-gnu/libnss_nis-2.19.so
b6656000-b666b000 r-xp 00000000 08:01 964294     /lib/i386-linux-gnu/libnsl-2.19.so
b666b000-b666c000 r--p 00015000 08:01 964294     /lib/i386-linux-gnu/libnsl-2.19.so
b666c000-b666d000 rw-p 00016000 08:01 964294     /lib/i386-linux-gnu/libnsl-2.19.so
b666d000-b666f000 rw-p 00000000 00:00 0 
b666f000-b6670000 r--s 00002000 08:01 425793     /home/artem/netbeans-8.2/java/maven/lib/wagon-http-shared-2.10.jar
b6670000-b6674000 r--s 00033000 08:01 425807     /home/artem/netbeans-8.2/java/maven/lib/plexus-utils-2.0.6.jar
b6674000-b667a000 r--s 0003f000 08:01 425810     /home/artem/netbeans-8.2/java/maven/lib/maven-compat-3.0.5.jar
b667a000-b667b000 r--s 00006000 08:01 425765     /home/artem/netbeans-8.2/java/maven/lib/plexus-sec-dispatcher-1.3.jar
b667b000-b667d000 r--s 0000a000 08:01 425784     /home/artem/netbeans-8.2/java/maven/boot/plexus-classworlds-2.4.jar
b667d000-b667e000 r--p 00855000 08:01 7680       /usr/lib/locale/locale-archive
b667e000-b6686000 rw-s 00000000 08:01 967595     /tmp/hsperfdata_artem/12516
b6686000-b66aa000 r-xp 00000000 08:01 12793      /usr/lib/jvm/java-8-oracle/jre/lib/i386/libjava.so
b66aa000-b66ab000 rw-p 00024000 08:01 12793      /usr/lib/jvm/java-8-oracle/jre/lib/i386/libjava.so
b66ab000-b66b2000 r-xp 00000000 08:01 923090     /lib/i386-linux-gnu/librt-2.19.so
b66b2000-b66b3000 r--p 00006000 08:01 923090     /lib/i386-linux-gnu/librt-2.19.so
b66b3000-b66b4000 rw-p 00007000 08:01 923090     /lib/i386-linux-gnu/librt-2.19.so
b66b4000-b66b7000 ---p 00000000 00:00 0 
b66b7000-b6705000 rw-p 00000000 00:00 0 
b6705000-b6749000 r-xp 00000000 08:01 964295     /lib/i386-linux-gnu/libm-2.19.so
b6749000-b674a000 r--p 00043000 08:01 964295     /lib/i386-linux-gnu/libm-2.19.so
b674a000-b674b000 rw-p 00044000 08:01 964295     /lib/i386-linux-gnu/libm-2.19.so
b674b000-b70d7000 r-xp 00000000 08:01 12798      /usr/lib/jvm/java-8-oracle/jre/lib/i386/server/libjvm.so
b70d7000-b7144000 rw-p 0098c000 08:01 12798      /usr/lib/jvm/java-8-oracle/jre/lib/i386/server/libjvm.so
b7144000-b756d000 rw-p 00000000 00:00 0 
b756d000-b7717000 r-xp 00000000 08:01 964291     /lib/i386-linux-gnu/libc-2.19.so
b7717000-b7719000 r--p 001aa000 08:01 964291     /lib/i386-linux-gnu/libc-2.19.so
b7719000-b771a000 rw-p 001ac000 08:01 964291     /lib/i386-linux-gnu/libc-2.19.so
b771a000-b771d000 rw-p 00000000 00:00 0 
b771d000-b7720000 r-xp 00000000 08:01 964301     /lib/i386-linux-gnu/libdl-2.19.so
b7720000-b7721000 r--p 00002000 08:01 964301     /lib/i386-linux-gnu/libdl-2.19.so
b7721000-b7722000 rw-p 00003000 08:01 964301     /lib/i386-linux-gnu/libdl-2.19.so
b7722000-b7736000 r-xp 00000000 08:01 13133      /usr/lib/jvm/java-8-oracle/lib/i386/jli/libjli.so
b7736000-b7737000 rw-p 00014000 08:01 13133      /usr/lib/jvm/java-8-oracle/lib/i386/jli/libjli.so
b7737000-b7738000 rw-p 00000000 00:00 0 
b7738000-b7750000 r-xp 00000000 08:01 964302     /lib/i386-linux-gnu/libpthread-2.19.so
b7750000-b7751000 r--p 00018000 08:01 964302     /lib/i386-linux-gnu/libpthread-2.19.so
b7751000-b7752000 rw-p 00019000 08:01 964302     /lib/i386-linux-gnu/libpthread-2.19.so
b7752000-b7754000 rw-p 00000000 00:00 0 
b7754000-b775b000 r-xp 00000000 08:01 964292     /lib/i386-linux-gnu/libnss_compat-2.19.so
b775b000-b775c000 r--p 00006000 08:01 964292     /lib/i386-linux-gnu/libnss_compat-2.19.so
b775c000-b775d000 rw-p 00007000 08:01 964292     /lib/i386-linux-gnu/libnss_compat-2.19.so
b775d000-b775e000 rw-p 00000000 00:00 0 
b775e000-b775f000 ---p 00000000 00:00 0 
b775f000-b776a000 r-xp 00000000 08:01 12836      /usr/lib/jvm/java-8-oracle/jre/lib/i386/libverify.so
b776a000-b776b000 rw-p 0000b000 08:01 12836      /usr/lib/jvm/java-8-oracle/jre/lib/i386/libverify.so
b776b000-b776d000 rw-p 00000000 00:00 0 
b776d000-b776f000 r--p 00000000 00:00 0          [vvar]
b776f000-b7771000 r-xp 00000000 00:00 0          [vdso]
b7771000-b7791000 r-xp 00000000 08:01 964299     /lib/i386-linux-gnu/ld-2.19.so
b7791000-b7792000 r--p 0001f000 08:01 964299     /lib/i386-linux-gnu/ld-2.19.so
b7792000-b7793000 rw-p 00020000 08:01 964299     /lib/i386-linux-gnu/ld-2.19.so
bfec7000-bfec8000 rwxp 00000000 00:00 0 
bfefa000-bff1b000 rw-p 00000000 00:00 0          [stack]

VM Arguments:
jvm_args: -Dclassworlds.conf=/home/artem/netbeans-8.2/java/maven/bin/m2.conf -Dmaven.home=/home/artem/netbeans-8.2/java/maven 
java_command: org.codehaus.plexus.classworlds.launcher.Launcher -Dmaven.ext.class.path=/home/artem/netbeans-8.2/java/maven-nblib/netbeans-eventspy.jar install
java_class_path (initial): /home/artem/netbeans-8.2/java/maven/boot/plexus-classworlds-2.4.jar
Launcher Type: SUN_STANDARD

Environment Variables:
JAVA_HOME=/usr/lib/jvm/java-8-oracle
PATH=/home/artem/.npm-global/bin:/usr/local/sbin:/usr/local/bin:/usr/sbin:/usr/bin:/sbin:/bin:/usr/games:/usr/local/games:/usr/lib/jvm/java-8-oracle/bin:/usr/lib/jvm/java-8-oracle/db/bin:/usr/lib/jvm/java-8-oracle/jre/bin
LD_LIBRARY_PATH=/usr/lib/jvm/java-8-oracle/jre/lib/amd64:/usr/lib/jvm/java-8-oracle/jre/lib/i386:
SHELL=/bin/bash
DISPLAY=:0

Signal Handlers:
SIGSEGV: [libjvm.so+0x8d74d0], sa_mask[0]=11111111011111111101111111111110, sa_flags=SA_RESTART|SA_SIGINFO
SIGBUS: [libjvm.so+0x8d74d0], sa_mask[0]=11111111011111111101111111111110, sa_flags=SA_RESTART|SA_SIGINFO
SIGFPE: [libjvm.so+0x7542e0], sa_mask[0]=11111111011111111101111111111110, sa_flags=SA_RESTART|SA_SIGINFO
SIGPIPE: [libjvm.so+0x7542e0], sa_mask[0]=11111111011111111101111111111110, sa_flags=SA_RESTART|SA_SIGINFO
SIGXFSZ: [libjvm.so+0x7542e0], sa_mask[0]=11111111011111111101111111111110, sa_flags=SA_RESTART|SA_SIGINFO
SIGILL: [libjvm.so+0x7542e0], sa_mask[0]=11111111011111111101111111111110, sa_flags=SA_RESTART|SA_SIGINFO
SIGUSR1: SIG_DFL, sa_mask[0]=00000000000000000000000000000000, sa_flags=none
SIGUSR2: [libjvm.so+0x755b70], sa_mask[0]=00100000000000000000000000000000, sa_flags=SA_RESTART|SA_SIGINFO
SIGHUP: [libjvm.so+0x757020], sa_mask[0]=11111111011111111101111111111110, sa_flags=SA_RESTART|SA_SIGINFO
SIGINT: SIG_IGN, sa_mask[0]=00000000000000000000000000000000, sa_flags=none
SIGTERM: [libjvm.so+0x757020], sa_mask[0]=11111111011111111101111111111110, sa_flags=SA_RESTART|SA_SIGINFO
SIGQUIT: [libjvm.so+0x757020], sa_mask[0]=11111111011111111101111111111110, sa_flags=SA_RESTART|SA_SIGINFO


---------------  S Y S T E M  ---------------

OS:DISTRIB_ID=Ubuntu
DISTRIB_RELEASE=14.04
DISTRIB_CODENAME=trusty
DISTRIB_DESCRIPTION="Ubuntu 14.04.5 LTS"

uname:Linux 4.4.0-70-generic #91~14.04.1-Ubuntu SMP Wed Mar 22 15:49:08 UTC 2017 i686
libc:glibc 2.19 NPTL 2.19 
rlimit: STACK 8192k, CORE 0k, NPROC 27431, NOFILE 4096, AS infinity
load average:27.02 13.43 5.87

/proc/meminfo:
MemTotal:        3533576 kB
MemFree:          182560 kB
MemAvailable:          0 kB
Buffers:            1620 kB
Cached:            59040 kB
SwapCached:          364 kB
Active:          2335920 kB
Inactive:         650972 kB
Active(anon):    2331204 kB
Inactive(anon):   613040 kB
Active(file):       4716 kB
Inactive(file):    37932 kB
Unevictable:          48 kB
Mlocked:              48 kB
HighTotal:       2670472 kB
HighFree:          34492 kB
LowTotal:         863104 kB
LowFree:          148068 kB
SwapTotal:       1046524 kB
SwapFree:              8 kB
Dirty:                60 kB
Writeback:             0 kB
AnonPages:       2926400 kB
Mapped:            41904 kB
Shmem:             17768 kB
Slab:              54080 kB
SReclaimable:      29944 kB
SUnreclaim:        24136 kB
KernelStack:        5840 kB
PageTables:        18244 kB
NFS_Unstable:          0 kB
Bounce:                0 kB
WritebackTmp:          0 kB
CommitLimit:     2813312 kB
Committed_AS:    7036100 kB
VmallocTotal:     122880 kB
VmallocUsed:           0 kB
VmallocChunk:          0 kB
AnonHugePages:   1513472 kB
CmaTotal:              0 kB
CmaFree:               0 kB
HugePages_Total:       0
HugePages_Free:        0
HugePages_Rsvd:        0
HugePages_Surp:        0
Hugepagesize:       2048 kB
DirectMap4k:       30712 kB
DirectMap2M:      882688 kB


CPU:total 4 (1 cores per cpu, 1 threads per core) family 6 model 60 stepping 3, cmov, cx8, fxsr, mmx, sse, sse2, sse3, ssse3, sse4.1, sse4.2, popcnt, avx, avx2, aes, clmul, erms, lzcnt, tsc, tscinvbit, bmi1, bmi2

/proc/cpuinfo:
processor	: 0
vendor_id	: GenuineIntel
cpu family	: 6
model		: 60
model name	: Intel(R) Core(TM) i7-4770 CPU @ 3.40GHz
stepping	: 3
microcode	: 0x19
cpu MHz		: 3400.020
cache size	: 8192 KB
physical id	: 0
siblings	: 1
core id		: 0
cpu cores	: 1
apicid		: 0
initial apicid	: 0
fdiv_bug	: no
f00f_bug	: no
coma_bug	: no
fpu		: yes
fpu_exception	: yes
cpuid level	: 13
wp		: yes
flags		: fpu vme de pse tsc msr pae mce cx8 apic sep mtrr pge mca cmov pat pse36 clflush dts mmx fxsr sse sse2 ss nx pdpe1gb rdtscp lm constant_tsc arch_perfmon pebs bts xtopology tsc_reliable nonstop_tsc aperfmperf eagerfpu pni pclmulqdq ssse3 fma cx16 pcid sse4_1 sse4_2 x2apic movbe popcnt tsc_deadline_timer aes xsave avx f16c rdrand hypervisor lahf_lm abm fsgsbase tsc_adjust bmi1 avx2 smep bmi2 invpcid xsaveopt dtherm ida arat pln pts
bugs		:
bogomips	: 6800.04
clflush size	: 64
cache_alignment	: 64
address sizes	: 42 bits physical, 48 bits virtual
power management:

processor	: 1
vendor_id	: GenuineIntel
cpu family	: 6
model		: 60
model name	: Intel(R) Core(TM) i7-4770 CPU @ 3.40GHz
stepping	: 3
microcode	: 0x19
cpu MHz		: 3400.020
cache size	: 8192 KB
physical id	: 2
siblings	: 1
core id		: 0
cpu cores	: 1
apicid		: 2
initial apicid	: 2
fdiv_bug	: no
f00f_bug	: no
coma_bug	: no
fpu		: yes
fpu_exception	: yes
cpuid level	: 13
wp		: yes
flags		: fpu vme de pse tsc msr pae mce cx8 apic sep mtrr pge mca cmov pat pse36 clflush dts mmx fxsr sse sse2 ss nx pdpe1gb rdtscp lm constant_tsc arch_perfmon pebs bts xtopology tsc_reliable nonstop_tsc aperfmperf eagerfpu pni pclmulqdq ssse3 fma cx16 pcid sse4_1 sse4_2 x2apic movbe popcnt tsc_deadline_timer aes xsave avx f16c rdrand hypervisor lahf_lm abm fsgsbase tsc_adjust bmi1 avx2 smep bmi2 invpcid xsaveopt dtherm ida arat pln pts
bugs		:
bogomips	: 6800.04
clflush size	: 64
cache_alignment	: 64
address sizes	: 42 bits physical, 48 bits virtual
power management:

processor	: 2
vendor_id	: GenuineIntel
cpu family	: 6
model		: 60
model name	: Intel(R) Core(TM) i7-4770 CPU @ 3.40GHz
stepping	: 3
microcode	: 0x19
cpu MHz		: 3400.020
cache size	: 8192 KB
physical id	: 4
siblings	: 1
core id		: 0
cpu cores	: 1
apicid		: 4
initial apicid	: 4
fdiv_bug	: no
f00f_bug	: no
coma_bug	: no
fpu		: yes
fpu_exception	: yes
cpuid level	: 13
wp		: yes
flags		: fpu vme de pse tsc msr pae mce cx8 apic sep mtrr pge mca cmov pat pse36 clflush dts mmx fxsr sse sse2 ss nx pdpe1gb rdtscp lm constant_tsc arch_perfmon pebs bts xtopology tsc_reliable nonstop_tsc aperfmperf eagerfpu pni pclmulqdq ssse3 fma cx16 pcid sse4_1 sse4_2 x2apic movbe popcnt tsc_deadline_timer aes xsave avx f16c rdrand hypervisor lahf_lm abm fsgsbase tsc_adjust bmi1 avx2 smep bmi2 invpcid xsaveopt dtherm ida arat pln pts
bugs		:
bogomips	: 6800.04
clflush size	: 64
cache_alignment	: 64
address sizes	: 42 bits physical, 48 bits virtual
power management:

processor	: 3
vendor_id	: GenuineIntel
cpu family	: 6
model		: 60
model name	: Intel(R) Core(TM) i7-4770 CPU @ 3.40GHz
stepping	: 3
microcode	: 0x19
cpu MHz		: 3400.020
cache size	: 8192 KB
physical id	: 6
siblings	: 1
core id		: 0
cpu cores	: 1
apicid		: 6
initial apicid	: 6
fdiv_bug	: no
f00f_bug	: no
coma_bug	: no
fpu		: yes
fpu_exception	: yes
cpuid level	: 13
wp		: yes
flags		: fpu vme de pse tsc msr pae mce cx8 apic sep mtrr pge mca cmov pat pse36 clflush dts mmx fxsr sse sse2 ss nx pdpe1gb rdtscp lm constant_tsc arch_perfmon pebs bts xtopology tsc_reliable nonstop_tsc aperfmperf eagerfpu pni pclmulqdq ssse3 fma cx16 pcid sse4_1 sse4_2 x2apic movbe popcnt tsc_deadline_timer aes xsave avx f16c rdrand hypervisor lahf_lm abm fsgsbase tsc_adjust bmi1 avx2 smep bmi2 invpcid xsaveopt dtherm ida arat pln pts
bugs		:
bogomips	: 6800.04
clflush size	: 64
cache_alignment	: 64
address sizes	: 42 bits physical, 48 bits virtual
power management:



Memory: 4k page, physical 3533576k(182560k free), swap 1046524k(8k free)

vm_info: Java HotSpot(TM) Server VM (25.121-b13) for linux-x86 JRE (1.8.0_121-b13), built on Dec 12 2016 16:06:09 by "java_re" with gcc 4.3.0 20080428 (Red Hat 4.3.0-8)

time: Sun Apr  2 09:51:03 2017
elapsed time: 270 seconds (0d 0h 4m 30s)

